{"C:\\Users\\vzwingma\\IdeaProjects\\domoticz-mobile\\app\\+html.tsx": {"path":"C:\\Users\\vzwingma\\IdeaProjects\\domoticz-mobile\\app\\+html.tsx","statementMap":{"0":{"start":{"line":9,"column":2},"end":{"line":28,"column":4}},"1":{"start":{"line":31,"column":29},"end":{"line":39,"column":2}}},"fnMap":{"0":{"name":"Root","decl":{"start":{"line":8,"column":24},"end":{"line":8,"column":28}},"loc":{"start":{"line":8,"column":72},"end":{"line":29,"column":1}},"line":8}},"branchMap":{},"s":{"0":0,"1":0},"f":{"0":0},"b":{}}
,"C:\\Users\\vzwingma\\IdeaProjects\\domoticz-mobile\\app\\+not-found.tsx": {"path":"C:\\Users\\vzwingma\\IdeaProjects\\domoticz-mobile\\app\\+not-found.tsx","statementMap":{"0":{"start":{"line":7,"column":2},"end":{"line":17,"column":4}},"1":{"start":{"line":20,"column":15},"end":{"line":31,"column":2}}},"fnMap":{"0":{"name":"NotFoundScreen","decl":{"start":{"line":6,"column":24},"end":{"line":6,"column":38}},"loc":{"start":{"line":6,"column":41},"end":{"line":18,"column":1}},"line":6}},"branchMap":{},"s":{"0":0,"1":0},"f":{"0":0},"b":{}}
,"C:\\Users\\vzwingma\\IdeaProjects\\domoticz-mobile\\app\\_layout.tsx": {"path":"C:\\Users\\vzwingma\\IdeaProjects\\domoticz-mobile\\app\\_layout.tsx","statementMap":{"0":{"start":{"line":10,"column":0},"end":{"line":10,"column":36}},"1":{"start":{"line":17,"column":19},"end":{"line":19,"column":4}},"2":{"start":{"line":21,"column":2},"end":{"line":25,"column":15}},"3":{"start":{"line":22,"column":4},"end":{"line":24,"column":5}},"4":{"start":{"line":23,"column":6},"end":{"line":23,"column":31}},"5":{"start":{"line":27,"column":2},"end":{"line":29,"column":3}},"6":{"start":{"line":28,"column":4},"end":{"line":28,"column":16}},"7":{"start":{"line":31,"column":2},"end":{"line":42,"column":4}}},"fnMap":{"0":{"name":"RootLayout","decl":{"start":{"line":16,"column":24},"end":{"line":16,"column":34}},"loc":{"start":{"line":16,"column":37},"end":{"line":43,"column":1}},"line":16},"1":{"name":"(anonymous_1)","decl":{"start":{"line":21,"column":12},"end":{"line":21,"column":13}},"loc":{"start":{"line":21,"column":18},"end":{"line":25,"column":3}},"line":21}},"branchMap":{"0":{"loc":{"start":{"line":22,"column":4},"end":{"line":24,"column":5}},"type":"if","locations":[{"start":{"line":22,"column":4},"end":{"line":24,"column":5}},{"start":{},"end":{}}],"line":22},"1":{"loc":{"start":{"line":27,"column":2},"end":{"line":29,"column":3}},"type":"if","locations":[{"start":{"line":27,"column":2},"end":{"line":29,"column":3}},{"start":{},"end":{}}],"line":27}},"s":{"0":0,"1":0,"2":0,"3":0,"4":0,"5":0,"6":0,"7":0},"f":{"0":0,"1":0},"b":{"0":[0,0],"1":[0,0]}}
,"C:\\Users\\vzwingma\\IdeaProjects\\domoticz-mobile\\app\\(tabs)\\_layout.tsx": {"path":"C:\\Users\\vzwingma\\IdeaProjects\\domoticz-mobile\\app\\(tabs)\\_layout.tsx","statementMap":{"0":{"start":{"line":14,"column":19},"end":{"line":14,"column":48}},"1":{"start":{"line":14,"column":36},"end":{"line":14,"column":47}},"2":{"start":{"line":15,"column":32},"end":{"line":15,"column":78}},"3":{"start":{"line":15,"column":49},"end":{"line":15,"column":77}},"4":{"start":{"line":16,"column":27},"end":{"line":16,"column":69}},"5":{"start":{"line":16,"column":44},"end":{"line":16,"column":68}},"6":{"start":{"line":17,"column":30},"end":{"line":17,"column":76}},"7":{"start":{"line":17,"column":47},"end":{"line":17,"column":75}},"8":{"start":{"line":34,"column":36},"end":{"line":34,"column":50}},"9":{"start":{"line":35,"column":38},"end":{"line":35,"column":53}},"10":{"start":{"line":37,"column":170},"end":{"line":37,"column":198}},"11":{"start":{"line":39,"column":28},"end":{"line":39,"column":56}},"12":{"start":{"line":40,"column":24},"end":{"line":40,"column":44}},"13":{"start":{"line":46,"column":27},"end":{"line":48,"column":3}},"14":{"start":{"line":47,"column":4},"end":{"line":47,"column":80}},"15":{"start":{"line":55,"column":4},"end":{"line":55,"column":31}},"16":{"start":{"line":56,"column":4},"end":{"line":56,"column":19}},"17":{"start":{"line":63,"column":2},"end":{"line":66,"column":18}},"18":{"start":{"line":64,"column":4},"end":{"line":64,"column":54}},"19":{"start":{"line":65,"column":4},"end":{"line":65,"column":70}},"20":{"start":{"line":73,"column":4},"end":{"line":73,"column":35}},"21":{"start":{"line":74,"column":4},"end":{"line":74,"column":48}},"22":{"start":{"line":75,"column":4},"end":{"line":75,"column":55}},"23":{"start":{"line":76,"column":4},"end":{"line":76,"column":58}},"24":{"start":{"line":77,"column":4},"end":{"line":77,"column":54}},"25":{"start":{"line":78,"column":4},"end":{"line":78,"column":24}},"26":{"start":{"line":88,"column":4},"end":{"line":92,"column":7}},"27":{"start":{"line":100,"column":4},"end":{"line":106,"column":5}},"28":{"start":{"line":101,"column":6},"end":{"line":101,"column":79}},"29":{"start":{"line":102,"column":11},"end":{"line":106,"column":5}},"30":{"start":{"line":103,"column":6},"end":{"line":103,"column":27}},"31":{"start":{"line":105,"column":6},"end":{"line":105,"column":118}},"32":{"start":{"line":110,"column":2},"end":{"line":138,"column":4}},"33":{"start":{"line":148,"column":19},"end":{"line":148,"column":85}},"34":{"start":{"line":150,"column":2},"end":{"line":183,"column":3}},"35":{"start":{"line":152,"column":6},"end":{"line":156,"column":8}},"36":{"start":{"line":158,"column":6},"end":{"line":162,"column":8}},"37":{"start":{"line":164,"column":6},"end":{"line":168,"column":8}},"38":{"start":{"line":170,"column":6},"end":{"line":174,"column":8}},"39":{"start":{"line":176,"column":6},"end":{"line":180,"column":8}},"40":{"start":{"line":182,"column":6},"end":{"line":182,"column":98}},"41":{"start":{"line":186,"column":25},"end":{"line":200,"column":2}}},"fnMap":{"0":{"name":"(anonymous_0)","decl":{"start":{"line":14,"column":30},"end":{"line":14,"column":31}},"loc":{"start":{"line":14,"column":36},"end":{"line":14,"column":47}},"line":14},"1":{"name":"(anonymous_1)","decl":{"start":{"line":15,"column":43},"end":{"line":15,"column":44}},"loc":{"start":{"line":15,"column":49},"end":{"line":15,"column":77}},"line":15},"2":{"name":"(anonymous_2)","decl":{"start":{"line":16,"column":38},"end":{"line":16,"column":39}},"loc":{"start":{"line":16,"column":44},"end":{"line":16,"column":68}},"line":16},"3":{"name":"(anonymous_3)","decl":{"start":{"line":17,"column":41},"end":{"line":17,"column":42}},"loc":{"start":{"line":17,"column":47},"end":{"line":17,"column":75}},"line":17},"4":{"name":"TabLayout","decl":{"start":{"line":31,"column":24},"end":{"line":31,"column":33}},"loc":{"start":{"line":31,"column":36},"end":{"line":139,"column":1}},"line":31},"5":{"name":"(anonymous_5)","decl":{"start":{"line":46,"column":27},"end":{"line":46,"column":28}},"loc":{"start":{"line":46,"column":82},"end":{"line":48,"column":3}},"line":46},"6":{"name":"selectNewTab","decl":{"start":{"line":54,"column":11},"end":{"line":54,"column":23}},"loc":{"start":{"line":54,"column":38},"end":{"line":57,"column":3}},"line":54},"7":{"name":"(anonymous_7)","decl":{"start":{"line":63,"column":12},"end":{"line":63,"column":13}},"loc":{"start":{"line":63,"column":18},"end":{"line":66,"column":3}},"line":63},"8":{"name":"storeConnexionData","decl":{"start":{"line":72,"column":11},"end":{"line":72,"column":29}},"loc":{"start":{"line":72,"column":52},"end":{"line":79,"column":3}},"line":72},"9":{"name":"getConnectionBadgeState","decl":{"start":{"line":87,"column":11},"end":{"line":87,"column":34}},"loc":{"start":{"line":87,"column":37},"end":{"line":93,"column":3}},"line":87},"10":{"name":"getPanelContent","decl":{"start":{"line":99,"column":11},"end":{"line":99,"column":26}},"loc":{"start":{"line":99,"column":48},"end":{"line":107,"column":3}},"line":99},"11":{"name":"showPanel","decl":{"start":{"line":147,"column":9},"end":{"line":147,"column":18}},"loc":{"start":{"line":147,"column":43},"end":{"line":184,"column":1}},"line":147}},"branchMap":{"0":{"loc":{"start":{"line":100,"column":4},"end":{"line":106,"column":5}},"type":"if","locations":[{"start":{"line":100,"column":4},"end":{"line":106,"column":5}},{"start":{"line":102,"column":11},"end":{"line":106,"column":5}}],"line":100},"1":{"loc":{"start":{"line":102,"column":11},"end":{"line":106,"column":5}},"type":"if","locations":[{"start":{"line":102,"column":11},"end":{"line":106,"column":5}},{"start":{"line":104,"column":11},"end":{"line":106,"column":5}}],"line":102},"2":{"loc":{"start":{"line":126,"column":12},"end":{"line":133,"column":25}},"type":"cond-expr","locations":[{"start":{"line":127,"column":14},"end":{"line":133,"column":17}},{"start":{"line":133,"column":20},"end":{"line":133,"column":25}}],"line":126},"3":{"loc":{"start":{"line":126,"column":13},"end":{"line":126,"column":41}},"type":"binary-expr","locations":[{"start":{"line":126,"column":13},"end":{"line":126,"column":23}},{"start":{"line":126,"column":27},"end":{"line":126,"column":41}}],"line":126},"4":{"loc":{"start":{"line":150,"column":2},"end":{"line":183,"column":3}},"type":"switch","locations":[{"start":{"line":151,"column":4},"end":{"line":156,"column":8}},{"start":{"line":157,"column":4},"end":{"line":162,"column":8}},{"start":{"line":163,"column":4},"end":{"line":168,"column":8}},{"start":{"line":169,"column":4},"end":{"line":174,"column":8}},{"start":{"line":175,"column":4},"end":{"line":180,"column":8}},{"start":{"line":181,"column":4},"end":{"line":182,"column":98}}],"line":150}},"s":{"0":0,"1":0,"2":0,"3":0,"4":0,"5":0,"6":0,"7":0,"8":0,"9":0,"10":0,"11":0,"12":0,"13":0,"14":0,"15":0,"16":0,"17":0,"18":0,"19":0,"20":0,"21":0,"22":0,"23":0,"24":0,"25":0,"26":0,"27":0,"28":0,"29":0,"30":0,"31":0,"32":0,"33":0,"34":0,"35":0,"36":0,"37":0,"38":0,"39":0,"40":0,"41":0},"f":{"0":0,"1":0,"2":0,"3":0,"4":0,"5":0,"6":0,"7":0,"8":0,"9":0,"10":0,"11":0},"b":{"0":[0,0],"1":[0,0],"2":[0,0],"3":[0,0],"4":[0,0,0,0,0,0]}}
,"C:\\Users\\vzwingma\\IdeaProjects\\domoticz-mobile\\app\\(tabs)\\devices.tabs.tsx": {"path":"C:\\Users\\vzwingma\\IdeaProjects\\domoticz-mobile\\app\\(tabs)\\devices.tabs.tsx","statementMap":{"0":{"start":{"line":25,"column":34},"end":{"line":25,"column":62}},"1":{"start":{"line":27,"column":2},"end":{"line":29,"column":3}},"2":{"start":{"line":28,"column":4},"end":{"line":28,"column":14}},"3":{"start":{"line":31,"column":29},"end":{"line":31,"column":31}},"4":{"start":{"line":33,"column":2},"end":{"line":38,"column":9}},"5":{"start":{"line":34,"column":22},"end":{"line":34,"column":44}},"6":{"start":{"line":36,"column":8},"end":{"line":36,"column":24}},"7":{"start":{"line":37,"column":8},"end":{"line":37,"column":72}},"8":{"start":{"line":40,"column":2},"end":{"line":40,"column":15}}},"fnMap":{"0":{"name":"TabDomoticzDevices","decl":{"start":{"line":23,"column":24},"end":{"line":23,"column":42}},"loc":{"start":{"line":23,"column":98},"end":{"line":42,"column":1}},"line":23},"1":{"name":"(anonymous_1)","decl":{"start":{"line":34,"column":14},"end":{"line":34,"column":15}},"loc":{"start":{"line":34,"column":22},"end":{"line":34,"column":44}},"line":34},"2":{"name":"(anonymous_2)","decl":{"start":{"line":35,"column":15},"end":{"line":35,"column":16}},"loc":{"start":{"line":35,"column":30},"end":{"line":38,"column":7}},"line":35}},"branchMap":{"0":{"loc":{"start":{"line":27,"column":2},"end":{"line":29,"column":3}},"type":"if","locations":[{"start":{"line":27,"column":2},"end":{"line":29,"column":3}},{"start":{},"end":{}}],"line":27}},"s":{"0":40,"1":40,"2":2,"3":38,"4":38,"5":190,"6":168,"7":168,"8":38},"f":{"0":40,"1":190,"2":168},"b":{"0":[2,38]},"_coverageSchema":"1a1c01bbd47fc00a2c39e90264f33305004495a9","hash":"4f5ce265d721688d1b850898a892a5a1c92c785e"}
,"C:\\Users\\vzwingma\\IdeaProjects\\domoticz-mobile\\app\\(tabs)\\index.tsx": {"path":"C:\\Users\\vzwingma\\IdeaProjects\\domoticz-mobile\\app\\(tabs)\\index.tsx","statementMap":{"0":{"start":{"line":13,"column":36},"end":{"line":13,"column":37}},"1":{"start":{"line":23,"column":36},"end":{"line":23,"column":68}},"2":{"start":{"line":24,"column":34},"end":{"line":24,"column":62}},"3":{"start":{"line":28,"column":2},"end":{"line":30,"column":28}},"4":{"start":{"line":29,"column":4},"end":{"line":29,"column":68}},"5":{"start":{"line":33,"column":2},"end":{"line":35,"column":4}},"6":{"start":{"line":47,"column":2},"end":{"line":68,"column":3}},"7":{"start":{"line":49,"column":44},"end":{"line":49,"column":46}},"8":{"start":{"line":51,"column":4},"end":{"line":67,"column":7}},"9":{"start":{"line":54,"column":28},"end":{"line":56,"column":96}},"10":{"start":{"line":55,"column":44},"end":{"line":55,"column":88}},"11":{"start":{"line":56,"column":68},"end":{"line":56,"column":95}},"12":{"start":{"line":58,"column":6},"end":{"line":64,"column":8}},"13":{"start":{"line":59,"column":30},"end":{"line":59,"column":87}},"14":{"start":{"line":59,"column":64},"end":{"line":59,"column":86}},"15":{"start":{"line":60,"column":8},"end":{"line":63,"column":9}},"16":{"start":{"line":61,"column":10},"end":{"line":61,"column":59}},"17":{"start":{"line":62,"column":10},"end":{"line":62,"column":59}},"18":{"start":{"line":66,"column":6},"end":{"line":66,"column":36}},"19":{"start":{"line":78,"column":29},"end":{"line":78,"column":31}},"20":{"start":{"line":79,"column":2},"end":{"line":103,"column":3}},"21":{"start":{"line":80,"column":4},"end":{"line":80,"column":17}},"22":{"start":{"line":83,"column":28},"end":{"line":83,"column":99}},"23":{"start":{"line":83,"column":80},"end":{"line":83,"column":98}},"24":{"start":{"line":84,"column":45},"end":{"line":84,"column":97}},"25":{"start":{"line":85,"column":29},"end":{"line":88,"column":117}},"26":{"start":{"line":88,"column":72},"end":{"line":88,"column":116}},"27":{"start":{"line":90,"column":4},"end":{"line":92,"column":7}},"28":{"start":{"line":91,"column":6},"end":{"line":91,"column":62}},"29":{"start":{"line":94,"column":4},"end":{"line":102,"column":5}},"30":{"start":{"line":95,"column":6},"end":{"line":101,"column":8}},"31":{"start":{"line":104,"column":2},"end":{"line":104,"column":15}}},"fnMap":{"0":{"name":"HomeScreen","decl":{"start":{"line":20,"column":24},"end":{"line":20,"column":34}},"loc":{"start":{"line":20,"column":37},"end":{"line":37,"column":1}},"line":20},"1":{"name":"(anonymous_1)","decl":{"start":{"line":28,"column":12},"end":{"line":28,"column":13}},"loc":{"start":{"line":28,"column":18},"end":{"line":30,"column":3}},"line":28},"2":{"name":"getFavoritesDevicesFromCache","decl":{"start":{"line":46,"column":9},"end":{"line":46,"column":37}},"loc":{"start":{"line":46,"column":93},"end":{"line":69,"column":1}},"line":46},"3":{"name":"(anonymous_3)","decl":{"start":{"line":51,"column":35},"end":{"line":51,"column":36}},"loc":{"start":{"line":51,"column":50},"end":{"line":67,"column":5}},"line":51},"4":{"name":"(anonymous_4)","decl":{"start":{"line":55,"column":16},"end":{"line":55,"column":17}},"loc":{"start":{"line":55,"column":44},"end":{"line":55,"column":88}},"line":55},"5":{"name":"(anonymous_5)","decl":{"start":{"line":56,"column":14},"end":{"line":56,"column":15}},"loc":{"start":{"line":56,"column":68},"end":{"line":56,"column":95}},"line":56},"6":{"name":"(anonymous_6)","decl":{"start":{"line":58,"column":30},"end":{"line":58,"column":31}},"loc":{"start":{"line":58,"column":58},"end":{"line":64,"column":7}},"line":58},"7":{"name":"(anonymous_7)","decl":{"start":{"line":59,"column":52},"end":{"line":59,"column":53}},"loc":{"start":{"line":59,"column":64},"end":{"line":59,"column":86}},"line":59},"8":{"name":"getListFavoritesComponents","decl":{"start":{"line":77,"column":9},"end":{"line":77,"column":35}},"loc":{"start":{"line":77,"column":84},"end":{"line":105,"column":1}},"line":77},"9":{"name":"(anonymous_9)","decl":{"start":{"line":83,"column":49},"end":{"line":83,"column":50}},"loc":{"start":{"line":83,"column":80},"end":{"line":83,"column":98}},"line":83},"10":{"name":"(anonymous_10)","decl":{"start":{"line":88,"column":12},"end":{"line":88,"column":13}},"loc":{"start":{"line":88,"column":72},"end":{"line":88,"column":116}},"line":88},"11":{"name":"(anonymous_11)","decl":{"start":{"line":90,"column":29},"end":{"line":90,"column":30}},"loc":{"start":{"line":90,"column":54},"end":{"line":92,"column":5}},"line":90}},"branchMap":{"0":{"loc":{"start":{"line":47,"column":2},"end":{"line":68,"column":3}},"type":"if","locations":[{"start":{"line":47,"column":2},"end":{"line":68,"column":3}},{"start":{},"end":{}}],"line":47},"1":{"loc":{"start":{"line":55,"column":44},"end":{"line":55,"column":88}},"type":"binary-expr","locations":[{"start":{"line":55,"column":44},"end":{"line":55,"column":69}},{"start":{"line":55,"column":73},"end":{"line":55,"column":88}}],"line":55},"2":{"loc":{"start":{"line":60,"column":8},"end":{"line":63,"column":9}},"type":"if","locations":[{"start":{"line":60,"column":8},"end":{"line":63,"column":9}},{"start":{},"end":{}}],"line":60},"3":{"loc":{"start":{"line":60,"column":11},"end":{"line":60,"column":75}},"type":"binary-expr","locations":[{"start":{"line":60,"column":11},"end":{"line":60,"column":31}},{"start":{"line":60,"column":35},"end":{"line":60,"column":75}}],"line":60},"4":{"loc":{"start":{"line":79,"column":2},"end":{"line":103,"column":3}},"type":"if","locations":[{"start":{"line":79,"column":2},"end":{"line":103,"column":3}},{"start":{"line":82,"column":7},"end":{"line":103,"column":3}}],"line":79},"5":{"loc":{"start":{"line":94,"column":4},"end":{"line":102,"column":5}},"type":"if","locations":[{"start":{"line":94,"column":4},"end":{"line":102,"column":5}},{"start":{},"end":{}}],"line":94}},"s":{"0":1,"1":37,"2":37,"3":37,"4":19,"5":37,"6":19,"7":19,"8":19,"9":19,"10":0,"11":0,"12":19,"13":0,"14":0,"15":0,"16":0,"17":0,"18":19,"19":37,"20":37,"21":0,"22":37,"23":0,"24":37,"25":37,"26":0,"27":37,"28":0,"29":37,"30":0,"31":37},"f":{"0":37,"1":19,"2":19,"3":19,"4":0,"5":0,"6":0,"7":0,"8":37,"9":0,"10":0,"11":0},"b":{"0":[19,0],"1":[0,0],"2":[0,0],"3":[0,0],"4":[0,37],"5":[0,37]},"_coverageSchema":"1a1c01bbd47fc00a2c39e90264f33305004495a9","hash":"57493c0e176715c813f3490a347c8552415c1f74"}
,"C:\\Users\\vzwingma\\IdeaProjects\\domoticz-mobile\\app\\(tabs)\\parametrages.tab.tsx": {"path":"C:\\Users\\vzwingma\\IdeaProjects\\domoticz-mobile\\app\\(tabs)\\parametrages.tab.tsx","statementMap":{"0":{"start":{"line":22,"column":60},"end":{"line":22,"column":88}},"1":{"start":{"line":23,"column":21},"end":{"line":23,"column":64}},"2":{"start":{"line":24,"column":26},"end":{"line":26,"column":4}},"3":{"start":{"line":27,"column":26},"end":{"line":27,"column":66}},"4":{"start":{"line":28,"column":26},"end":{"line":28,"column":66}},"5":{"start":{"line":29,"column":28},"end":{"line":29,"column":77}},"6":{"start":{"line":31,"column":2},"end":{"line":78,"column":4}},"7":{"start":{"line":35,"column":10},"end":{"line":35,"column":67}},"8":{"start":{"line":50,"column":36},"end":{"line":53,"column":13}},"9":{"start":{"line":81,"column":22},"end":{"line":93,"column":2}},"10":{"start":{"line":95,"column":24},"end":{"line":139,"column":2}},"11":{"start":{"line":141,"column":20},"end":{"line":170,"column":2}}},"fnMap":{"0":{"name":"TabDomoticzParametres","decl":{"start":{"line":21,"column":24},"end":{"line":21,"column":45}},"loc":{"start":{"line":21,"column":61},"end":{"line":79,"column":1}},"line":21},"1":{"name":"(anonymous_1)","decl":{"start":{"line":34,"column":36},"end":{"line":34,"column":37}},"loc":{"start":{"line":35,"column":10},"end":{"line":35,"column":67}},"line":35},"2":{"name":"(anonymous_2)","decl":{"start":{"line":50,"column":19},"end":{"line":50,"column":20}},"loc":{"start":{"line":50,"column":36},"end":{"line":53,"column":13}},"line":50}},"branchMap":{"0":{"loc":{"start":{"line":23,"column":21},"end":{"line":23,"column":64}},"type":"binary-expr","locations":[{"start":{"line":23,"column":21},"end":{"line":23,"column":50}},{"start":{"line":23,"column":54},"end":{"line":23,"column":64}}],"line":23},"1":{"loc":{"start":{"line":29,"column":28},"end":{"line":29,"column":77}},"type":"binary-expr","locations":[{"start":{"line":29,"column":28},"end":{"line":29,"column":57}},{"start":{"line":29,"column":61},"end":{"line":29,"column":77}}],"line":29},"2":{"loc":{"start":{"line":52,"column":14},"end":{"line":52,"column":59}},"type":"binary-expr","locations":[{"start":{"line":52,"column":14},"end":{"line":52,"column":21}},{"start":{"line":52,"column":25},"end":{"line":52,"column":59}}],"line":52},"3":{"loc":{"start":{"line":68,"column":50},"end":{"line":68,"column":87}},"type":"binary-expr","locations":[{"start":{"line":68,"column":50},"end":{"line":68,"column":80}},{"start":{"line":68,"column":84},"end":{"line":68,"column":87}}],"line":68}},"s":{"0":41,"1":41,"2":41,"3":41,"4":41,"5":41,"6":41,"7":56,"8":0,"9":1,"10":1,"11":1},"f":{"0":41,"1":56,"2":0},"b":{"0":[41,0],"1":[41,23],"2":[0,0],"3":[41,23]},"_coverageSchema":"1a1c01bbd47fc00a2c39e90264f33305004495a9","hash":"1896bd12cbe090a61149fefd7eddb37ef7569497"}
,"C:\\Users\\vzwingma\\IdeaProjects\\domoticz-mobile\\app\\(tabs)\\temperatures.tab.tsx": {"path":"C:\\Users\\vzwingma\\IdeaProjects\\domoticz-mobile\\app\\(tabs)\\temperatures.tab.tsx","statementMap":{"0":{"start":{"line":19,"column":63},"end":{"line":19,"column":91}},"1":{"start":{"line":21,"column":29},"end":{"line":21,"column":31}},"2":{"start":{"line":22,"column":2},"end":{"line":24,"column":7}},"3":{"start":{"line":23,"column":6},"end":{"line":23,"column":78}},"4":{"start":{"line":26,"column":2},"end":{"line":28,"column":5}},"5":{"start":{"line":27,"column":4},"end":{"line":27,"column":78}},"6":{"start":{"line":32,"column":2},"end":{"line":32,"column":15}}},"fnMap":{"0":{"name":"TabDomoticzTemperatures","decl":{"start":{"line":17,"column":24},"end":{"line":17,"column":47}},"loc":{"start":{"line":17,"column":65},"end":{"line":33,"column":1}},"line":17},"1":{"name":"(anonymous_1)","decl":{"start":{"line":22,"column":33},"end":{"line":22,"column":34}},"loc":{"start":{"line":22,"column":43},"end":{"line":24,"column":5}},"line":22},"2":{"name":"(anonymous_2)","decl":{"start":{"line":26,"column":35},"end":{"line":26,"column":36}},"loc":{"start":{"line":26,"column":43},"end":{"line":28,"column":3}},"line":26}},"branchMap":{},"s":{"0":27,"1":27,"2":27,"3":30,"4":27,"5":53,"6":27},"f":{"0":27,"1":30,"2":53},"b":{},"_coverageSchema":"1a1c01bbd47fc00a2c39e90264f33305004495a9","hash":"8ac008fa053a39a29dff735af4c5c051757c1c84"}
,"C:\\Users\\vzwingma\\IdeaProjects\\domoticz-mobile\\app\\components\\blindDevice.component.tsx": {"path":"C:\\Users\\vzwingma\\IdeaProjects\\domoticz-mobile\\app\\components\\blindDevice.component.tsx","statementMap":{"0":{"start":{"line":20,"column":63},"end":{"line":73,"column":1}},"1":{"start":{"line":21,"column":36},"end":{"line":21,"column":60}},"2":{"start":{"line":22,"column":36},"end":{"line":22,"column":70}},"3":{"start":{"line":23,"column":58},"end":{"line":23,"column":86}},"4":{"start":{"line":25,"column":21},"end":{"line":25,"column":68}},"5":{"start":{"line":26,"column":22},"end":{"line":26,"column":66}},"6":{"start":{"line":27,"column":32},"end":{"line":27,"column":50}},"7":{"start":{"line":30,"column":4},"end":{"line":36,"column":24}},"8":{"start":{"line":34,"column":21},"end":{"line":34,"column":79}},"9":{"start":{"line":39,"column":26},"end":{"line":55,"column":10}},"10":{"start":{"line":47,"column":34},"end":{"line":47,"column":72}},"11":{"start":{"line":48,"column":32},"end":{"line":48,"column":50}},"12":{"start":{"line":50,"column":10},"end":{"line":50,"column":83}},"13":{"start":{"line":51,"column":10},"end":{"line":51,"column":30}},"14":{"start":{"line":57,"column":18},"end":{"line":59,"column":15}},"15":{"start":{"line":61,"column":2},"end":{"line":72,"column":4}},"16":{"start":{"line":76,"column":18},"end":{"line":76,"column":55}},"17":{"start":{"line":77,"column":27},"end":{"line":77,"column":58}},"18":{"start":{"line":77,"column":47},"end":{"line":77,"column":57}},"19":{"start":{"line":78,"column":28},"end":{"line":78,"column":68}},"20":{"start":{"line":80,"column":2},"end":{"line":80,"column":57}},"21":{"start":{"line":80,"column":28},"end":{"line":80,"column":57}},"22":{"start":{"line":82,"column":22},"end":{"line":84,"column":10}},"23":{"start":{"line":83,"column":9},"end":{"line":83,"column":22}},"24":{"start":{"line":85,"column":25},"end":{"line":85,"column":48}},"25":{"start":{"line":86,"column":22},"end":{"line":86,"column":67}},"26":{"start":{"line":87,"column":28},"end":{"line":87,"column":60}},"27":{"start":{"line":88,"column":29},"end":{"line":90,"column":8}},"28":{"start":{"line":92,"column":2},"end":{"line":95,"column":3}},"29":{"start":{"line":93,"column":27},"end":{"line":93,"column":59}},"30":{"start":{"line":94,"column":4},"end":{"line":94,"column":106}},"31":{"start":{"line":96,"column":2},"end":{"line":96,"column":87}},"32":{"start":{"line":100,"column":26},"end":{"line":100,"column":98}},"33":{"start":{"line":100,"column":61},"end":{"line":100,"column":97}},"34":{"start":{"line":101,"column":2},"end":{"line":101,"column":34}},"35":{"start":{"line":101,"column":24},"end":{"line":101,"column":34}},"36":{"start":{"line":102,"column":18},"end":{"line":102,"column":50}},"37":{"start":{"line":103,"column":2},"end":{"line":103,"column":26}},"38":{"start":{"line":103,"column":16},"end":{"line":103,"column":26}},"39":{"start":{"line":104,"column":2},"end":{"line":106,"column":57}},"40":{"start":{"line":105,"column":16},"end":{"line":105,"column":48}},"41":{"start":{"line":105,"column":34},"end":{"line":105,"column":47}},"42":{"start":{"line":106,"column":40},"end":{"line":106,"column":55}}},"fnMap":{"0":{"name":"(anonymous_0)","decl":{"start":{"line":20,"column":63},"end":{"line":20,"column":64}},"loc":{"start":{"line":20,"column":79},"end":{"line":73,"column":1}},"line":20},"1":{"name":"(anonymous_1)","decl":{"start":{"line":34,"column":15},"end":{"line":34,"column":16}},"loc":{"start":{"line":34,"column":21},"end":{"line":34,"column":79}},"line":34},"2":{"name":"(anonymous_2)","decl":{"start":{"line":47,"column":23},"end":{"line":47,"column":24}},"loc":{"start":{"line":47,"column":34},"end":{"line":47,"column":72}},"line":47},"3":{"name":"(anonymous_3)","decl":{"start":{"line":48,"column":26},"end":{"line":48,"column":27}},"loc":{"start":{"line":48,"column":32},"end":{"line":48,"column":50}},"line":48},"4":{"name":"(anonymous_4)","decl":{"start":{"line":49,"column":24},"end":{"line":49,"column":25}},"loc":{"start":{"line":49,"column":30},"end":{"line":52,"column":9}},"line":49},"5":{"name":"getBlindGroupSummary","decl":{"start":{"line":75,"column":9},"end":{"line":75,"column":29}},"loc":{"start":{"line":75,"column":89},"end":{"line":97,"column":1}},"line":75},"6":{"name":"(anonymous_6)","decl":{"start":{"line":77,"column":42},"end":{"line":77,"column":43}},"loc":{"start":{"line":77,"column":47},"end":{"line":77,"column":57}},"line":77},"7":{"name":"(anonymous_7)","decl":{"start":{"line":83,"column":4},"end":{"line":83,"column":5}},"loc":{"start":{"line":83,"column":9},"end":{"line":83,"column":22}},"line":83},"8":{"name":"getBlindGroupMembers","decl":{"start":{"line":99,"column":9},"end":{"line":99,"column":29}},"loc":{"start":{"line":99,"column":104},"end":{"line":107,"column":1}},"line":99},"9":{"name":"(anonymous_9)","decl":{"start":{"line":100,"column":52},"end":{"line":100,"column":53}},"loc":{"start":{"line":100,"column":61},"end":{"line":100,"column":97}},"line":100},"10":{"name":"(anonymous_10)","decl":{"start":{"line":105,"column":9},"end":{"line":105,"column":10}},"loc":{"start":{"line":105,"column":16},"end":{"line":105,"column":48}},"line":105},"11":{"name":"(anonymous_11)","decl":{"start":{"line":105,"column":29},"end":{"line":105,"column":30}},"loc":{"start":{"line":105,"column":34},"end":{"line":105,"column":47}},"line":105},"12":{"name":"(anonymous_12)","decl":{"start":{"line":106,"column":12},"end":{"line":106,"column":13}},"loc":{"start":{"line":106,"column":40},"end":{"line":106,"column":55}},"line":106}},"branchMap":{"0":{"loc":{"start":{"line":39,"column":26},"end":{"line":55,"column":10}},"type":"cond-expr","locations":[{"start":{"line":41,"column":6},"end":{"line":53,"column":8}},{"start":{"line":55,"column":6},"end":{"line":55,"column":10}}],"line":39},"1":{"loc":{"start":{"line":43,"column":15},"end":{"line":43,"column":94}},"type":"cond-expr","locations":[{"start":{"line":43,"column":33},"end":{"line":43,"column":58}},{"start":{"line":43,"column":61},"end":{"line":43,"column":94}}],"line":43},"2":{"loc":{"start":{"line":57,"column":18},"end":{"line":59,"column":15}},"type":"cond-expr","locations":[{"start":{"line":58,"column":6},"end":{"line":58,"column":55}},{"start":{"line":59,"column":6},"end":{"line":59,"column":15}}],"line":57},"3":{"loc":{"start":{"line":80,"column":2},"end":{"line":80,"column":57}},"type":"if","locations":[{"start":{"line":80,"column":2},"end":{"line":80,"column":57}},{"start":{},"end":{}}],"line":80},"4":{"loc":{"start":{"line":86,"column":22},"end":{"line":86,"column":67}},"type":"cond-expr","locations":[{"start":{"line":86,"column":47},"end":{"line":86,"column":49}},{"start":{"line":86,"column":52},"end":{"line":86,"column":67}}],"line":86},"5":{"loc":{"start":{"line":87,"column":28},"end":{"line":87,"column":60}},"type":"cond-expr","locations":[{"start":{"line":87,"column":52},"end":{"line":87,"column":55}},{"start":{"line":87,"column":58},"end":{"line":87,"column":60}}],"line":87},"6":{"loc":{"start":{"line":88,"column":29},"end":{"line":90,"column":8}},"type":"cond-expr","locations":[{"start":{"line":89,"column":6},"end":{"line":89,"column":62}},{"start":{"line":90,"column":6},"end":{"line":90,"column":8}}],"line":88},"7":{"loc":{"start":{"line":92,"column":2},"end":{"line":95,"column":3}},"type":"if","locations":[{"start":{"line":92,"column":2},"end":{"line":95,"column":3}},{"start":{},"end":{}}],"line":92},"8":{"loc":{"start":{"line":93,"column":27},"end":{"line":93,"column":59}},"type":"cond-expr","locations":[{"start":{"line":93,"column":51},"end":{"line":93,"column":54}},{"start":{"line":93,"column":57},"end":{"line":93,"column":59}}],"line":93},"9":{"loc":{"start":{"line":101,"column":2},"end":{"line":101,"column":34}},"type":"if","locations":[{"start":{"line":101,"column":2},"end":{"line":101,"column":34}},{"start":{},"end":{}}],"line":101},"10":{"loc":{"start":{"line":103,"column":2},"end":{"line":103,"column":26}},"type":"if","locations":[{"start":{"line":103,"column":2},"end":{"line":103,"column":26}},{"start":{},"end":{}}],"line":103}},"s":{"0":2,"1":32,"2":32,"3":32,"4":32,"5":32,"6":32,"7":32,"8":1,"9":32,"10":0,"11":0,"12":0,"13":0,"14":32,"15":32,"16":4,"17":4,"18":0,"19":4,"20":4,"21":4,"22":0,"23":0,"24":0,"25":0,"26":0,"27":0,"28":0,"29":0,"30":0,"31":0,"32":4,"33":12,"34":4,"35":4,"36":0,"37":0,"38":0,"39":0,"40":0,"41":0,"42":0},"f":{"0":32,"1":1,"2":0,"3":0,"4":0,"5":4,"6":0,"7":0,"8":4,"9":12,"10":0,"11":0,"12":0},"b":{"0":[27,5],"1":[24,3],"2":[4,28],"3":[4,0],"4":[0,0],"5":[0,0],"6":[0,0],"7":[0,0],"8":[0,0],"9":[4,0],"10":[0,0]},"_coverageSchema":"1a1c01bbd47fc00a2c39e90264f33305004495a9","hash":"44aa752e973481b7adfab554dfd286e4286f6a2e"}
,"C:\\Users\\vzwingma\\IdeaProjects\\domoticz-mobile\\app\\components\\device.component.tsx": {"path":"C:\\Users\\vzwingma\\IdeaProjects\\domoticz-mobile\\app\\components\\device.component.tsx","statementMap":{"0":{"start":{"line":18,"column":65},"end":{"line":26,"column":1}},"1":{"start":{"line":19,"column":2},"end":{"line":21,"column":3}},"2":{"start":{"line":20,"column":4},"end":{"line":20,"column":47}},"3":{"start":{"line":22,"column":2},"end":{"line":24,"column":3}},"4":{"start":{"line":23,"column":4},"end":{"line":23,"column":47}},"5":{"start":{"line":25,"column":2},"end":{"line":25,"column":14}}},"fnMap":{"0":{"name":"(anonymous_0)","decl":{"start":{"line":18,"column":65},"end":{"line":18,"column":66}},"loc":{"start":{"line":18,"column":81},"end":{"line":26,"column":1}},"line":18}},"branchMap":{"0":{"loc":{"start":{"line":19,"column":2},"end":{"line":21,"column":3}},"type":"if","locations":[{"start":{"line":19,"column":2},"end":{"line":21,"column":3}},{"start":{},"end":{}}],"line":19},"1":{"loc":{"start":{"line":22,"column":2},"end":{"line":24,"column":3}},"type":"if","locations":[{"start":{"line":22,"column":2},"end":{"line":24,"column":3}},{"start":{},"end":{}}],"line":22}},"s":{"0":1,"1":16,"2":10,"3":6,"4":6,"5":0},"f":{"0":16},"b":{"0":[10,6],"1":[6,0]},"_coverageSchema":"1a1c01bbd47fc00a2c39e90264f33305004495a9","hash":"8a89404a5eb4f426cf522079d31f1ab5e93d54d5"}
,"C:\\Users\\vzwingma\\IdeaProjects\\domoticz-mobile\\app\\components\\deviceCard.component.tsx": {"path":"C:\\Users\\vzwingma\\IdeaProjects\\domoticz-mobile\\app\\components\\deviceCard.component.tsx","statementMap":{"0":{"start":{"line":19,"column":53},"end":{"line":55,"column":1}},"1":{"start":{"line":30,"column":2},"end":{"line":54,"column":4}},"2":{"start":{"line":59,"column":2},"end":{"line":66,"column":4}},"3":{"start":{"line":69,"column":15},"end":{"line":129,"column":2}}},"fnMap":{"0":{"name":"(anonymous_0)","decl":{"start":{"line":19,"column":53},"end":{"line":19,"column":54}},"loc":{"start":{"line":29,"column":6},"end":{"line":55,"column":1}},"line":29},"1":{"name":"(anonymous_1)","decl":{"start":{"line":58,"column":38},"end":{"line":58,"column":39}},"loc":{"start":{"line":58,"column":64},"end":{"line":67,"column":1}},"line":58}},"branchMap":{"0":{"loc":{"start":{"line":23,"column":2},"end":{"line":23,"column":11}},"type":"default-arg","locations":[{"start":{"line":23,"column":9},"end":{"line":23,"column":11}}],"line":23},"1":{"loc":{"start":{"line":31,"column":31},"end":{"line":31,"column":77}},"type":"cond-expr","locations":[{"start":{"line":31,"column":42},"end":{"line":31,"column":51}},{"start":{"line":31,"column":54},"end":{"line":31,"column":77}}],"line":31},"2":{"loc":{"start":{"line":39,"column":13},"end":{"line":46,"column":13}},"type":"cond-expr","locations":[{"start":{"line":40,"column":14},"end":{"line":43,"column":21}},{"start":{"line":45,"column":14},"end":{"line":45,"column":35}}],"line":39},"3":{"loc":{"start":{"line":42,"column":17},"end":{"line":42,"column":82}},"type":"cond-expr","locations":[{"start":{"line":42,"column":24},"end":{"line":42,"column":75}},{"start":{"line":42,"column":78},"end":{"line":42,"column":82}}],"line":42},"4":{"loc":{"start":{"line":48,"column":11},"end":{"line":48,"column":85}},"type":"cond-expr","locations":[{"start":{"line":48,"column":21},"end":{"line":48,"column":78}},{"start":{"line":48,"column":81},"end":{"line":48,"column":85}}],"line":48},"5":{"loc":{"start":{"line":52,"column":7},"end":{"line":52,"column":75}},"type":"cond-expr","locations":[{"start":{"line":52,"column":18},"end":{"line":52,"column":68}},{"start":{"line":52,"column":71},"end":{"line":52,"column":75}}],"line":52},"6":{"loc":{"start":{"line":60,"column":4},"end":{"line":65,"column":43}},"type":"binary-expr","locations":[{"start":{"line":60,"column":4},"end":{"line":60,"column":39}},{"start":{"line":61,"column":4},"end":{"line":61,"column":51}},{"start":{"line":62,"column":4},"end":{"line":62,"column":51}},{"start":{"line":63,"column":4},"end":{"line":63,"column":45}},{"start":{"line":64,"column":4},"end":{"line":64,"column":37}},{"start":{"line":65,"column":4},"end":{"line":65,"column":43}}],"line":60}},"s":{"0":2,"1":21,"2":0,"3":2},"f":{"0":21,"1":0},"b":{"0":[0],"1":[18,3],"2":[18,3],"3":[3,15],"4":[8,13],"5":[5,16],"6":[0,0,0,0,0,0]},"_coverageSchema":"1a1c01bbd47fc00a2c39e90264f33305004495a9","hash":"7520695d359efdfddfefc76d627e5143238fa2dd"}
,"C:\\Users\\vzwingma\\IdeaProjects\\domoticz-mobile\\app\\components\\deviceRow.styles.ts": {"path":"C:\\Users\\vzwingma\\IdeaProjects\\domoticz-mobile\\app\\components\\deviceRow.styles.ts","statementMap":{"0":{"start":{"line":8,"column":34},"end":{"line":140,"column":2}}},"fnMap":{},"branchMap":{},"s":{"0":4},"f":{},"b":{},"_coverageSchema":"1a1c01bbd47fc00a2c39e90264f33305004495a9","hash":"2dfdd7889c113d4912de7db6b8b97cde79f08334"}
,"C:\\Users\\vzwingma\\IdeaProjects\\domoticz-mobile\\app\\components\\disconnectedState.component.tsx": {"path":"C:\\Users\\vzwingma\\IdeaProjects\\domoticz-mobile\\app\\components\\disconnectedState.component.tsx","statementMap":{"0":{"start":{"line":12,"column":43},"end":{"line":19,"column":1}},"1":{"start":{"line":13,"column":2},"end":{"line":18,"column":4}},"2":{"start":{"line":21,"column":15},"end":{"line":39,"column":2}}},"fnMap":{"0":{"name":"(anonymous_0)","decl":{"start":{"line":12,"column":43},"end":{"line":12,"column":44}},"loc":{"start":{"line":12,"column":49},"end":{"line":19,"column":1}},"line":12}},"branchMap":{},"s":{"0":4,"1":8,"2":4},"f":{"0":8},"b":{},"_coverageSchema":"1a1c01bbd47fc00a2c39e90264f33305004495a9","hash":"6d6b4b68b92c385648496d1255e61eba3f7b3fa7"}
,"C:\\Users\\vzwingma\\IdeaProjects\\domoticz-mobile\\app\\components\\favoriteCard.component.tsx": {"path":"C:\\Users\\vzwingma\\IdeaProjects\\domoticz-mobile\\app\\components\\favoriteCard.component.tsx","statementMap":{"0":{"start":{"line":27,"column":57},"end":{"line":108,"column":1}},"1":{"start":{"line":28,"column":37},"end":{"line":28,"column":65}},"2":{"start":{"line":29,"column":36},"end":{"line":29,"column":60}},"3":{"start":{"line":30,"column":36},"end":{"line":30,"column":70}},"4":{"start":{"line":32,"column":28},"end":{"line":34,"column":100}},"5":{"start":{"line":36,"column":19},"end":{"line":36,"column":37}},"6":{"start":{"line":37,"column":22},"end":{"line":37,"column":66}},"7":{"start":{"line":39,"column":27},"end":{"line":39,"column":116}},"8":{"start":{"line":40,"column":27},"end":{"line":40,"column":112}},"9":{"start":{"line":41,"column":22},"end":{"line":41,"column":100}},"10":{"start":{"line":43,"column":32},"end":{"line":45,"column":14}},"11":{"start":{"line":47,"column":31},"end":{"line":47,"column":95}},"12":{"start":{"line":47,"column":37},"end":{"line":47,"column":95}},"13":{"start":{"line":49,"column":26},"end":{"line":67,"column":10}},"14":{"start":{"line":60,"column":32},"end":{"line":60,"column":70}},"15":{"start":{"line":61,"column":30},"end":{"line":61,"column":48}},"16":{"start":{"line":63,"column":8},"end":{"line":63,"column":81}},"17":{"start":{"line":64,"column":8},"end":{"line":64,"column":28}},"18":{"start":{"line":69,"column":2},"end":{"line":107,"column":4}},"19":{"start":{"line":99,"column":32},"end":{"line":103,"column":9}},"20":{"start":{"line":110,"column":15},"end":{"line":172,"column":2}},"21":{"start":{"line":176,"column":2},"end":{"line":181,"column":4}}},"fnMap":{"0":{"name":"(anonymous_0)","decl":{"start":{"line":27,"column":57},"end":{"line":27,"column":58}},"loc":{"start":{"line":27,"column":73},"end":{"line":108,"column":1}},"line":27},"1":{"name":"(anonymous_1)","decl":{"start":{"line":47,"column":31},"end":{"line":47,"column":32}},"loc":{"start":{"line":47,"column":37},"end":{"line":47,"column":95}},"line":47},"2":{"name":"(anonymous_2)","decl":{"start":{"line":60,"column":21},"end":{"line":60,"column":22}},"loc":{"start":{"line":60,"column":32},"end":{"line":60,"column":70}},"line":60},"3":{"name":"(anonymous_3)","decl":{"start":{"line":61,"column":24},"end":{"line":61,"column":25}},"loc":{"start":{"line":61,"column":30},"end":{"line":61,"column":48}},"line":61},"4":{"name":"(anonymous_4)","decl":{"start":{"line":62,"column":22},"end":{"line":62,"column":23}},"loc":{"start":{"line":62,"column":28},"end":{"line":65,"column":7}},"line":62},"5":{"name":"(anonymous_5)","decl":{"start":{"line":99,"column":15},"end":{"line":99,"column":16}},"loc":{"start":{"line":99,"column":32},"end":{"line":103,"column":9}},"line":99},"6":{"name":"(anonymous_6)","decl":{"start":{"line":175,"column":40},"end":{"line":175,"column":41}},"loc":{"start":{"line":175,"column":66},"end":{"line":182,"column":1}},"line":175}},"branchMap":{"0":{"loc":{"start":{"line":32,"column":28},"end":{"line":34,"column":100}},"type":"binary-expr","locations":[{"start":{"line":32,"column":28},"end":{"line":32,"column":85}},{"start":{"line":33,"column":7},"end":{"line":33,"column":22}},{"start":{"line":34,"column":8},"end":{"line":34,"column":48}},{"start":{"line":34,"column":52},"end":{"line":34,"column":99}}],"line":32},"1":{"loc":{"start":{"line":39,"column":27},"end":{"line":39,"column":116}},"type":"cond-expr","locations":[{"start":{"line":39,"column":38},"end":{"line":39,"column":76}},{"start":{"line":39,"column":79},"end":{"line":39,"column":116}}],"line":39},"2":{"loc":{"start":{"line":40,"column":27},"end":{"line":40,"column":112}},"type":"cond-expr","locations":[{"start":{"line":40,"column":38},"end":{"line":40,"column":74}},{"start":{"line":40,"column":77},"end":{"line":40,"column":112}}],"line":40},"3":{"loc":{"start":{"line":41,"column":22},"end":{"line":41,"column":100}},"type":"cond-expr","locations":[{"start":{"line":41,"column":65},"end":{"line":41,"column":81}},{"start":{"line":41,"column":84},"end":{"line":41,"column":100}}],"line":41},"4":{"loc":{"start":{"line":43,"column":32},"end":{"line":45,"column":14}},"type":"cond-expr","locations":[{"start":{"line":44,"column":6},"end":{"line":44,"column":47}},{"start":{"line":45,"column":6},"end":{"line":45,"column":14}}],"line":43},"5":{"loc":{"start":{"line":49,"column":26},"end":{"line":67,"column":10}},"type":"cond-expr","locations":[{"start":{"line":50,"column":4},"end":{"line":66,"column":6}},{"start":{"line":67,"column":6},"end":{"line":67,"column":10}}],"line":49},"6":{"loc":{"start":{"line":70,"column":31},"end":{"line":70,"column":74}},"type":"binary-expr","locations":[{"start":{"line":70,"column":31},"end":{"line":70,"column":47}},{"start":{"line":70,"column":51},"end":{"line":70,"column":74}}],"line":70},"7":{"loc":{"start":{"line":79,"column":36},"end":{"line":79,"column":81}},"type":"binary-expr","locations":[{"start":{"line":79,"column":36},"end":{"line":79,"column":53}},{"start":{"line":79,"column":57},"end":{"line":79,"column":81}}],"line":79},"8":{"loc":{"start":{"line":80,"column":42},"end":{"line":80,"column":82}},"type":"binary-expr","locations":[{"start":{"line":80,"column":42},"end":{"line":80,"column":59}},{"start":{"line":80,"column":63},"end":{"line":80,"column":82}}],"line":80},"9":{"loc":{"start":{"line":83,"column":9},"end":{"line":89,"column":9}},"type":"cond-expr","locations":[{"start":{"line":84,"column":10},"end":{"line":86,"column":23}},{"start":{"line":88,"column":10},"end":{"line":88,"column":31}}],"line":83},"10":{"loc":{"start":{"line":84,"column":45},"end":{"line":84,"column":86}},"type":"binary-expr","locations":[{"start":{"line":84,"column":45},"end":{"line":84,"column":62}},{"start":{"line":84,"column":66},"end":{"line":84,"column":86}}],"line":84},"11":{"loc":{"start":{"line":101,"column":10},"end":{"line":101,"column":82}},"type":"cond-expr","locations":[{"start":{"line":101,"column":39},"end":{"line":101,"column":70}},{"start":{"line":101,"column":73},"end":{"line":101,"column":82}}],"line":101},"12":{"loc":{"start":{"line":101,"column":10},"end":{"line":101,"column":36}},"type":"binary-expr","locations":[{"start":{"line":101,"column":10},"end":{"line":101,"column":17}},{"start":{"line":101,"column":21},"end":{"line":101,"column":36}}],"line":101},"13":{"loc":{"start":{"line":102,"column":10},"end":{"line":102,"column":72}},"type":"cond-expr","locations":[{"start":{"line":102,"column":28},"end":{"line":102,"column":37}},{"start":{"line":102,"column":40},"end":{"line":102,"column":72}}],"line":102},"14":{"loc":{"start":{"line":177,"column":4},"end":{"line":180,"column":55}},"type":"binary-expr","locations":[{"start":{"line":177,"column":4},"end":{"line":177,"column":51}},{"start":{"line":178,"column":4},"end":{"line":178,"column":61}},{"start":{"line":179,"column":4},"end":{"line":179,"column":57}},{"start":{"line":180,"column":4},"end":{"line":180,"column":55}}],"line":177}},"s":{"0":1,"1":11,"2":11,"3":11,"4":11,"5":11,"6":11,"7":11,"8":11,"9":11,"10":11,"11":11,"12":2,"13":11,"14":0,"15":0,"16":0,"17":0,"18":11,"19":11,"20":1,"21":0},"f":{"0":11,"1":2,"2":0,"3":0,"4":0,"5":11,"6":0},"b":{"0":[11,5,4,2],"1":[9,2],"2":[9,2],"3":[5,6],"4":[6,5],"5":[3,8],"6":[11,2],"7":[11,3],"8":[11,3],"9":[9,2],"10":[9,3],"11":[0,11],"12":[11,0],"13":[9,2],"14":[0,0,0,0]},"_coverageSchema":"1a1c01bbd47fc00a2c39e90264f33305004495a9","hash":"6b7d943c29f47c0035d5e8cb2b8380f8e516d787"}
,"C:\\Users\\vzwingma\\IdeaProjects\\domoticz-mobile\\app\\components\\lightDevice.component.tsx": {"path":"C:\\Users\\vzwingma\\IdeaProjects\\domoticz-mobile\\app\\components\\lightDevice.component.tsx","statementMap":{"0":{"start":{"line":20,"column":63},"end":{"line":75,"column":1}},"1":{"start":{"line":21,"column":36},"end":{"line":21,"column":60}},"2":{"start":{"line":22,"column":36},"end":{"line":22,"column":70}},"3":{"start":{"line":23,"column":58},"end":{"line":23,"column":86}},"4":{"start":{"line":25,"column":21},"end":{"line":25,"column":68}},"5":{"start":{"line":26,"column":22},"end":{"line":26,"column":66}},"6":{"start":{"line":27,"column":32},"end":{"line":29,"column":24}},"7":{"start":{"line":32,"column":4},"end":{"line":38,"column":24}},"8":{"start":{"line":36,"column":21},"end":{"line":36,"column":79}},"9":{"start":{"line":42,"column":4},"end":{"line":54,"column":6}},"10":{"start":{"line":48,"column":32},"end":{"line":48,"column":70}},"11":{"start":{"line":49,"column":30},"end":{"line":49,"column":48}},"12":{"start":{"line":51,"column":8},"end":{"line":51,"column":81}},"13":{"start":{"line":52,"column":8},"end":{"line":52,"column":28}},"14":{"start":{"line":57,"column":26},"end":{"line":57,"column":60}},"15":{"start":{"line":59,"column":18},"end":{"line":61,"column":15}},"16":{"start":{"line":63,"column":2},"end":{"line":74,"column":4}},"17":{"start":{"line":78,"column":18},"end":{"line":78,"column":55}},"18":{"start":{"line":79,"column":27},"end":{"line":79,"column":58}},"19":{"start":{"line":79,"column":47},"end":{"line":79,"column":57}},"20":{"start":{"line":80,"column":28},"end":{"line":80,"column":68}},"21":{"start":{"line":82,"column":2},"end":{"line":82,"column":57}},"22":{"start":{"line":82,"column":28},"end":{"line":82,"column":57}},"23":{"start":{"line":84,"column":22},"end":{"line":86,"column":10}},"24":{"start":{"line":85,"column":9},"end":{"line":85,"column":22}},"25":{"start":{"line":87,"column":25},"end":{"line":87,"column":48}},"26":{"start":{"line":88,"column":22},"end":{"line":88,"column":67}},"27":{"start":{"line":89,"column":29},"end":{"line":89,"column":61}},"28":{"start":{"line":90,"column":29},"end":{"line":92,"column":8}},"29":{"start":{"line":94,"column":2},"end":{"line":96,"column":3}},"30":{"start":{"line":95,"column":4},"end":{"line":95,"column":112}},"31":{"start":{"line":97,"column":2},"end":{"line":97,"column":88}},"32":{"start":{"line":101,"column":26},"end":{"line":101,"column":98}},"33":{"start":{"line":101,"column":61},"end":{"line":101,"column":97}},"34":{"start":{"line":102,"column":2},"end":{"line":102,"column":34}},"35":{"start":{"line":102,"column":24},"end":{"line":102,"column":34}},"36":{"start":{"line":103,"column":18},"end":{"line":103,"column":50}},"37":{"start":{"line":104,"column":2},"end":{"line":104,"column":26}},"38":{"start":{"line":104,"column":16},"end":{"line":104,"column":26}},"39":{"start":{"line":105,"column":2},"end":{"line":107,"column":57}},"40":{"start":{"line":106,"column":16},"end":{"line":106,"column":48}},"41":{"start":{"line":106,"column":34},"end":{"line":106,"column":47}},"42":{"start":{"line":107,"column":40},"end":{"line":107,"column":55}}},"fnMap":{"0":{"name":"(anonymous_0)","decl":{"start":{"line":20,"column":63},"end":{"line":20,"column":64}},"loc":{"start":{"line":20,"column":79},"end":{"line":75,"column":1}},"line":20},"1":{"name":"(anonymous_1)","decl":{"start":{"line":36,"column":15},"end":{"line":36,"column":16}},"loc":{"start":{"line":36,"column":21},"end":{"line":36,"column":79}},"line":36},"2":{"name":"(anonymous_2)","decl":{"start":{"line":48,"column":21},"end":{"line":48,"column":22}},"loc":{"start":{"line":48,"column":32},"end":{"line":48,"column":70}},"line":48},"3":{"name":"(anonymous_3)","decl":{"start":{"line":49,"column":24},"end":{"line":49,"column":25}},"loc":{"start":{"line":49,"column":30},"end":{"line":49,"column":48}},"line":49},"4":{"name":"(anonymous_4)","decl":{"start":{"line":50,"column":22},"end":{"line":50,"column":23}},"loc":{"start":{"line":50,"column":28},"end":{"line":53,"column":7}},"line":50},"5":{"name":"getLightGroupSummary","decl":{"start":{"line":77,"column":9},"end":{"line":77,"column":29}},"loc":{"start":{"line":77,"column":89},"end":{"line":98,"column":1}},"line":77},"6":{"name":"(anonymous_6)","decl":{"start":{"line":79,"column":42},"end":{"line":79,"column":43}},"loc":{"start":{"line":79,"column":47},"end":{"line":79,"column":57}},"line":79},"7":{"name":"(anonymous_7)","decl":{"start":{"line":85,"column":4},"end":{"line":85,"column":5}},"loc":{"start":{"line":85,"column":9},"end":{"line":85,"column":22}},"line":85},"8":{"name":"getLightGroupMembers","decl":{"start":{"line":100,"column":9},"end":{"line":100,"column":29}},"loc":{"start":{"line":100,"column":104},"end":{"line":108,"column":1}},"line":100},"9":{"name":"(anonymous_9)","decl":{"start":{"line":101,"column":52},"end":{"line":101,"column":53}},"loc":{"start":{"line":101,"column":61},"end":{"line":101,"column":97}},"line":101},"10":{"name":"(anonymous_10)","decl":{"start":{"line":106,"column":9},"end":{"line":106,"column":10}},"loc":{"start":{"line":106,"column":16},"end":{"line":106,"column":48}},"line":106},"11":{"name":"(anonymous_11)","decl":{"start":{"line":106,"column":29},"end":{"line":106,"column":30}},"loc":{"start":{"line":106,"column":34},"end":{"line":106,"column":47}},"line":106},"12":{"name":"(anonymous_12)","decl":{"start":{"line":107,"column":12},"end":{"line":107,"column":13}},"loc":{"start":{"line":107,"column":40},"end":{"line":107,"column":55}},"line":107}},"branchMap":{"0":{"loc":{"start":{"line":27,"column":32},"end":{"line":29,"column":24}},"type":"cond-expr","locations":[{"start":{"line":28,"column":6},"end":{"line":28,"column":47}},{"start":{"line":29,"column":6},"end":{"line":29,"column":24}}],"line":27},"1":{"loc":{"start":{"line":44,"column":13},"end":{"line":44,"column":92}},"type":"cond-expr","locations":[{"start":{"line":44,"column":31},"end":{"line":44,"column":56}},{"start":{"line":44,"column":59},"end":{"line":44,"column":92}}],"line":44},"2":{"loc":{"start":{"line":57,"column":26},"end":{"line":57,"column":60}},"type":"cond-expr","locations":[{"start":{"line":57,"column":39},"end":{"line":57,"column":53}},{"start":{"line":57,"column":56},"end":{"line":57,"column":60}}],"line":57},"3":{"loc":{"start":{"line":59,"column":18},"end":{"line":61,"column":15}},"type":"cond-expr","locations":[{"start":{"line":60,"column":6},"end":{"line":60,"column":55}},{"start":{"line":61,"column":6},"end":{"line":61,"column":15}}],"line":59},"4":{"loc":{"start":{"line":82,"column":2},"end":{"line":82,"column":57}},"type":"if","locations":[{"start":{"line":82,"column":2},"end":{"line":82,"column":57}},{"start":{},"end":{}}],"line":82},"5":{"loc":{"start":{"line":88,"column":22},"end":{"line":88,"column":67}},"type":"cond-expr","locations":[{"start":{"line":88,"column":47},"end":{"line":88,"column":49}},{"start":{"line":88,"column":52},"end":{"line":88,"column":67}}],"line":88},"6":{"loc":{"start":{"line":89,"column":29},"end":{"line":89,"column":61}},"type":"cond-expr","locations":[{"start":{"line":89,"column":53},"end":{"line":89,"column":56}},{"start":{"line":89,"column":59},"end":{"line":89,"column":61}}],"line":89},"7":{"loc":{"start":{"line":90,"column":29},"end":{"line":92,"column":8}},"type":"cond-expr","locations":[{"start":{"line":91,"column":6},"end":{"line":91,"column":64}},{"start":{"line":92,"column":6},"end":{"line":92,"column":8}}],"line":90},"8":{"loc":{"start":{"line":94,"column":2},"end":{"line":96,"column":3}},"type":"if","locations":[{"start":{"line":94,"column":2},"end":{"line":96,"column":3}},{"start":{},"end":{}}],"line":94},"9":{"loc":{"start":{"line":102,"column":2},"end":{"line":102,"column":34}},"type":"if","locations":[{"start":{"line":102,"column":2},"end":{"line":102,"column":34}},{"start":{},"end":{}}],"line":102},"10":{"loc":{"start":{"line":104,"column":2},"end":{"line":104,"column":26}},"type":"if","locations":[{"start":{"line":104,"column":2},"end":{"line":104,"column":26}},{"start":{},"end":{}}],"line":104}},"s":{"0":2,"1":31,"2":31,"3":31,"4":31,"5":31,"6":31,"7":31,"8":1,"9":31,"10":0,"11":0,"12":0,"13":0,"14":31,"15":31,"16":31,"17":6,"18":6,"19":0,"20":6,"21":6,"22":6,"23":0,"24":0,"25":0,"26":0,"27":0,"28":0,"29":0,"30":0,"31":0,"32":6,"33":12,"34":6,"35":6,"36":0,"37":0,"38":0,"39":0,"40":0,"41":0,"42":0},"f":{"0":31,"1":1,"2":0,"3":0,"4":0,"5":6,"6":0,"7":0,"8":6,"9":12,"10":0,"11":0,"12":0},"b":{"0":[21,10],"1":[27,4],"2":[10,21],"3":[6,25],"4":[6,0],"5":[0,0],"6":[0,0],"7":[0,0],"8":[0,0],"9":[6,0],"10":[0,0]},"_coverageSchema":"1a1c01bbd47fc00a2c39e90264f33305004495a9","hash":"91be87aee9aa138269c98392634d6e44849d91d7"}
,"C:\\Users\\vzwingma\\IdeaProjects\\domoticz-mobile\\app\\components\\paramList.component.tsx": {"path":"C:\\Users\\vzwingma\\IdeaProjects\\domoticz-mobile\\app\\components\\paramList.component.tsx","statementMap":{"0":{"start":{"line":21,"column":2},"end":{"line":21,"column":40}},"1":{"start":{"line":21,"column":24},"end":{"line":21,"column":40}},"2":{"start":{"line":22,"column":2},"end":{"line":22,"column":14}},"3":{"start":{"line":33,"column":2},"end":{"line":33,"column":77}},"4":{"start":{"line":37,"column":21},"end":{"line":37,"column":50}},"5":{"start":{"line":38,"column":2},"end":{"line":48,"column":3}},"6":{"start":{"line":39,"column":4},"end":{"line":40,"column":59}},"7":{"start":{"line":39,"column":34},"end":{"line":39,"column":58}},"8":{"start":{"line":40,"column":9},"end":{"line":40,"column":59}},"9":{"start":{"line":40,"column":38},"end":{"line":40,"column":59}},"10":{"start":{"line":42,"column":7},"end":{"line":48,"column":3}},"11":{"start":{"line":43,"column":4},"end":{"line":44,"column":54}},"12":{"start":{"line":43,"column":34},"end":{"line":43,"column":51}},"13":{"start":{"line":44,"column":9},"end":{"line":44,"column":54}},"14":{"start":{"line":44,"column":38},"end":{"line":44,"column":54}},"15":{"start":{"line":46,"column":7},"end":{"line":48,"column":3}},"16":{"start":{"line":47,"column":4},"end":{"line":47,"column":46}},"17":{"start":{"line":47,"column":33},"end":{"line":47,"column":46}},"18":{"start":{"line":49,"column":2},"end":{"line":49,"column":19}},"19":{"start":{"line":56,"column":71},"end":{"line":100,"column":1}},"20":{"start":{"line":58,"column":40},"end":{"line":58,"column":68}},"21":{"start":{"line":59,"column":2},"end":{"line":99,"column":4}},"22":{"start":{"line":73,"column":31},"end":{"line":73,"column":41}},"23":{"start":{"line":74,"column":31},"end":{"line":74,"column":61}},"24":{"start":{"line":75,"column":12},"end":{"line":88,"column":14}},"25":{"start":{"line":79,"column":31},"end":{"line":79,"column":144}},"26":{"start":{"line":103,"column":20},"end":{"line":121,"column":2}},"27":{"start":{"line":123,"column":19},"end":{"line":155,"column":2}}},"fnMap":{"0":{"name":"getParametreDisplayName","decl":{"start":{"line":20,"column":9},"end":{"line":20,"column":32}},"loc":{"start":{"line":20,"column":55},"end":{"line":23,"column":1}},"line":20},"1":{"name":"normalizeLevelName","decl":{"start":{"line":32,"column":9},"end":{"line":32,"column":27}},"loc":{"start":{"line":32,"column":47},"end":{"line":34,"column":1}},"line":32},"2":{"name":"getParametreDisplayLabel","decl":{"start":{"line":36,"column":9},"end":{"line":36,"column":33}},"loc":{"start":{"line":36,"column":84},"end":{"line":50,"column":1}},"line":36},"3":{"name":"(anonymous_3)","decl":{"start":{"line":56,"column":71},"end":{"line":56,"column":72}},"loc":{"start":{"line":56,"column":114},"end":{"line":100,"column":1}},"line":56},"4":{"name":"(anonymous_4)","decl":{"start":{"line":72,"column":51},"end":{"line":72,"column":52}},"loc":{"start":{"line":72,"column":73},"end":{"line":89,"column":11}},"line":72},"5":{"name":"(anonymous_5)","decl":{"start":{"line":79,"column":25},"end":{"line":79,"column":26}},"loc":{"start":{"line":79,"column":31},"end":{"line":79,"column":144}},"line":79}},"branchMap":{"0":{"loc":{"start":{"line":21,"column":2},"end":{"line":21,"column":40}},"type":"if","locations":[{"start":{"line":21,"column":2},"end":{"line":21,"column":40}},{"start":{},"end":{}}],"line":21},"1":{"loc":{"start":{"line":38,"column":2},"end":{"line":48,"column":3}},"type":"if","locations":[{"start":{"line":38,"column":2},"end":{"line":48,"column":3}},{"start":{"line":42,"column":7},"end":{"line":48,"column":3}}],"line":38},"2":{"loc":{"start":{"line":39,"column":4},"end":{"line":40,"column":59}},"type":"if","locations":[{"start":{"line":39,"column":4},"end":{"line":40,"column":59}},{"start":{"line":40,"column":9},"end":{"line":40,"column":59}}],"line":39},"3":{"loc":{"start":{"line":40,"column":9},"end":{"line":40,"column":59}},"type":"if","locations":[{"start":{"line":40,"column":9},"end":{"line":40,"column":59}},{"start":{},"end":{}}],"line":40},"4":{"loc":{"start":{"line":42,"column":7},"end":{"line":48,"column":3}},"type":"if","locations":[{"start":{"line":42,"column":7},"end":{"line":48,"column":3}},{"start":{"line":46,"column":7},"end":{"line":48,"column":3}}],"line":42},"5":{"loc":{"start":{"line":43,"column":4},"end":{"line":44,"column":54}},"type":"if","locations":[{"start":{"line":43,"column":4},"end":{"line":44,"column":54}},{"start":{"line":44,"column":9},"end":{"line":44,"column":54}}],"line":43},"6":{"loc":{"start":{"line":44,"column":9},"end":{"line":44,"column":54}},"type":"if","locations":[{"start":{"line":44,"column":9},"end":{"line":44,"column":54}},{"start":{},"end":{}}],"line":44},"7":{"loc":{"start":{"line":46,"column":7},"end":{"line":48,"column":3}},"type":"if","locations":[{"start":{"line":46,"column":7},"end":{"line":48,"column":3}},{"start":{},"end":{}}],"line":46},"8":{"loc":{"start":{"line":47,"column":4},"end":{"line":47,"column":46}},"type":"if","locations":[{"start":{"line":47,"column":4},"end":{"line":47,"column":46}},{"start":{},"end":{}}],"line":47},"9":{"loc":{"start":{"line":70,"column":7},"end":{"line":90,"column":15}},"type":"binary-expr","locations":[{"start":{"line":70,"column":7},"end":{"line":70,"column":54}},{"start":{"line":71,"column":8},"end":{"line":90,"column":15}}],"line":70},"10":{"loc":{"start":{"line":78,"column":41},"end":{"line":78,"column":78}},"type":"binary-expr","locations":[{"start":{"line":78,"column":41},"end":{"line":78,"column":51}},{"start":{"line":78,"column":55},"end":{"line":78,"column":78}}],"line":78},"11":{"loc":{"start":{"line":84,"column":75},"end":{"line":84,"column":116}},"type":"binary-expr","locations":[{"start":{"line":84,"column":75},"end":{"line":84,"column":85}},{"start":{"line":84,"column":89},"end":{"line":84,"column":116}}],"line":84},"12":{"loc":{"start":{"line":93,"column":7},"end":{"line":96,"column":13}},"type":"binary-expr","locations":[{"start":{"line":93,"column":7},"end":{"line":93,"column":57}},{"start":{"line":94,"column":6},"end":{"line":96,"column":13}}],"line":93}},"s":{"0":21,"1":2,"2":19,"3":74,"4":74,"5":74,"6":12,"7":6,"8":6,"9":6,"10":62,"11":8,"12":0,"13":8,"14":0,"15":54,"16":32,"17":8,"18":54,"19":1,"20":21,"21":21,"22":35,"23":35,"24":35,"25":2,"26":1,"27":1},"f":{"0":21,"1":74,"2":74,"3":21,"4":35,"5":2},"b":{"0":[2,19],"1":[12,62],"2":[6,6],"3":[6,0],"4":[8,54],"5":[0,8],"6":[0,8],"7":[32,22],"8":[8,24],"9":[21,17],"10":[35,17],"11":[35,17],"12":[21,4]},"_coverageSchema":"1a1c01bbd47fc00a2c39e90264f33305004495a9","hash":"b2d38555fbb288cd64322537f0a3643990f5bd84"}
,"C:\\Users\\vzwingma\\IdeaProjects\\domoticz-mobile\\app\\components\\primaryIconAction.component.tsx": {"path":"C:\\Users\\vzwingma\\IdeaProjects\\domoticz-mobile\\app\\components\\primaryIconAction.component.tsx","statementMap":{"0":{"start":{"line":17,"column":67},"end":{"line":41,"column":1}},"1":{"start":{"line":24,"column":2},"end":{"line":40,"column":4}},"2":{"start":{"line":32,"column":30},"end":{"line":37,"column":7}},"3":{"start":{"line":43,"column":15},"end":{"line":74,"column":2}}},"fnMap":{"0":{"name":"(anonymous_0)","decl":{"start":{"line":17,"column":67},"end":{"line":17,"column":68}},"loc":{"start":{"line":23,"column":6},"end":{"line":41,"column":1}},"line":23},"1":{"name":"(anonymous_1)","decl":{"start":{"line":32,"column":13},"end":{"line":32,"column":14}},"loc":{"start":{"line":32,"column":30},"end":{"line":37,"column":7}},"line":32}},"branchMap":{"0":{"loc":{"start":{"line":22,"column":2},"end":{"line":22,"column":18}},"type":"default-arg","locations":[{"start":{"line":22,"column":13},"end":{"line":22,"column":18}}],"line":22},"1":{"loc":{"start":{"line":34,"column":8},"end":{"line":34,"column":48}},"type":"cond-expr","locations":[{"start":{"line":34,"column":17},"end":{"line":34,"column":30}},{"start":{"line":34,"column":33},"end":{"line":34,"column":48}}],"line":34},"2":{"loc":{"start":{"line":35,"column":8},"end":{"line":35,"column":57}},"type":"cond-expr","locations":[{"start":{"line":35,"column":31},"end":{"line":35,"column":45}},{"start":{"line":35,"column":48},"end":{"line":35,"column":57}}],"line":35},"3":{"loc":{"start":{"line":35,"column":8},"end":{"line":35,"column":28}},"type":"binary-expr","locations":[{"start":{"line":35,"column":8},"end":{"line":35,"column":15}},{"start":{"line":35,"column":19},"end":{"line":35,"column":28}}],"line":35},"4":{"loc":{"start":{"line":36,"column":8},"end":{"line":36,"column":46}},"type":"cond-expr","locations":[{"start":{"line":36,"column":19},"end":{"line":36,"column":34}},{"start":{"line":36,"column":37},"end":{"line":36,"column":46}}],"line":36}},"s":{"0":5,"1":80,"2":81,"3":5},"f":{"0":80,"1":81},"b":{"0":[3],"1":[69,12],"2":[0,81],"3":[81,0],"4":[13,68]},"_coverageSchema":"1a1c01bbd47fc00a2c39e90264f33305004495a9","hash":"52d2e54c9107cb47d4a174ae3f44288219e04c97"}
,"C:\\Users\\vzwingma\\IdeaProjects\\domoticz-mobile\\app\\components\\temperature.component.tsx": {"path":"C:\\Users\\vzwingma\\IdeaProjects\\domoticz-mobile\\app\\components\\temperature.component.tsx","statementMap":{"0":{"start":{"line":17,"column":68},"end":{"line":49,"column":1}},"1":{"start":{"line":19,"column":20},"end":{"line":19,"column":103}},"2":{"start":{"line":21,"column":26},"end":{"line":23,"column":10}},"3":{"start":{"line":25,"column":23},"end":{"line":32,"column":3}},"4":{"start":{"line":34,"column":23},"end":{"line":34,"column":82}},"5":{"start":{"line":36,"column":2},"end":{"line":48,"column":4}},"6":{"start":{"line":52,"column":26},"end":{"line":101,"column":2}}},"fnMap":{"0":{"name":"(anonymous_0)","decl":{"start":{"line":17,"column":68},"end":{"line":17,"column":69}},"loc":{"start":{"line":17,"column":89},"end":{"line":49,"column":1}},"line":17}},"branchMap":{"0":{"loc":{"start":{"line":19,"column":20},"end":{"line":19,"column":103}},"type":"binary-expr","locations":[{"start":{"line":19,"column":20},"end":{"line":19,"column":40}},{"start":{"line":19,"column":44},"end":{"line":19,"column":69}},{"start":{"line":19,"column":73},"end":{"line":19,"column":103}}],"line":19},"1":{"loc":{"start":{"line":21,"column":26},"end":{"line":23,"column":10}},"type":"cond-expr","locations":[{"start":{"line":22,"column":6},"end":{"line":22,"column":90}},{"start":{"line":23,"column":6},"end":{"line":23,"column":10}}],"line":21},"2":{"loc":{"start":{"line":25,"column":23},"end":{"line":32,"column":3}},"type":"cond-expr","locations":[{"start":{"line":26,"column":4},"end":{"line":29,"column":7}},{"start":{"line":31,"column":4},"end":{"line":31,"column":72}}],"line":25},"3":{"loc":{"start":{"line":34,"column":23},"end":{"line":34,"column":82}},"type":"cond-expr","locations":[{"start":{"line":34,"column":46},"end":{"line":34,"column":58}},{"start":{"line":34,"column":61},"end":{"line":34,"column":82}}],"line":34},"4":{"loc":{"start":{"line":37,"column":39},"end":{"line":37,"column":127}},"type":"cond-expr","locations":[{"start":{"line":37,"column":62},"end":{"line":37,"column":87}},{"start":{"line":37,"column":90},"end":{"line":37,"column":127}}],"line":37},"5":{"loc":{"start":{"line":39,"column":80},"end":{"line":39,"column":136}},"type":"cond-expr","locations":[{"start":{"line":39,"column":108},"end":{"line":39,"column":117}},{"start":{"line":39,"column":120},"end":{"line":39,"column":136}}],"line":39}},"s":{"0":1,"1":11,"2":11,"3":11,"4":11,"5":11,"6":1},"f":{"0":11},"b":{"0":[11,9,7],"1":[2,9],"2":[6,5],"3":[9,2],"4":[9,2],"5":[0,11]},"_coverageSchema":"1a1c01bbd47fc00a2c39e90264f33305004495a9","hash":"37ec10b36296db2140481450a84290a389d5a333"}
,"C:\\Users\\vzwingma\\IdeaProjects\\domoticz-mobile\\app\\components\\thermostat.component.tsx": {"path":"C:\\Users\\vzwingma\\IdeaProjects\\domoticz-mobile\\app\\components\\thermostat.component.tsx","statementMap":{"0":{"start":{"line":13,"column":18},"end":{"line":13,"column":21}},"1":{"start":{"line":14,"column":11},"end":{"line":14,"column":24}},"2":{"start":{"line":15,"column":11},"end":{"line":15,"column":24}},"3":{"start":{"line":16,"column":16},"end":{"line":16,"column":18}},"4":{"start":{"line":17,"column":16},"end":{"line":17,"column":18}},"5":{"start":{"line":18,"column":15},"end":{"line":18,"column":16}},"6":{"start":{"line":20,"column":20},"end":{"line":20,"column":23}},"7":{"start":{"line":22,"column":19},"end":{"line":22,"column":22}},"8":{"start":{"line":26,"column":14},"end":{"line":26,"column":47}},"9":{"start":{"line":27,"column":2},"end":{"line":27,"column":66}},"10":{"start":{"line":32,"column":2},"end":{"line":32,"column":27}},"11":{"start":{"line":32,"column":17},"end":{"line":32,"column":27}},"12":{"start":{"line":33,"column":12},"end":{"line":33,"column":39}},"13":{"start":{"line":34,"column":16},"end":{"line":34,"column":40}},"14":{"start":{"line":35,"column":14},"end":{"line":35,"column":42}},"15":{"start":{"line":36,"column":19},"end":{"line":36,"column":34}},"16":{"start":{"line":37,"column":2},"end":{"line":37,"column":125}},"17":{"start":{"line":45,"column":13},"end":{"line":45,"column":19}},"18":{"start":{"line":46,"column":13},"end":{"line":46,"column":19}},"19":{"start":{"line":47,"column":19},"end":{"line":47,"column":74}},"20":{"start":{"line":48,"column":19},"end":{"line":48,"column":55}},"21":{"start":{"line":50,"column":28},"end":{"line":50,"column":63}},"22":{"start":{"line":51,"column":20},"end":{"line":51,"column":56}},"23":{"start":{"line":52,"column":14},"end":{"line":54,"column":27}},"24":{"start":{"line":55,"column":16},"end":{"line":55,"column":83}},"25":{"start":{"line":56,"column":2},"end":{"line":56,"column":78}},"26":{"start":{"line":71,"column":73},"end":{"line":211,"column":1}},"27":{"start":{"line":72,"column":36},"end":{"line":72,"column":69}},"28":{"start":{"line":74,"column":24},"end":{"line":74,"column":55}},"29":{"start":{"line":75,"column":66},"end":{"line":75,"column":94}},"30":{"start":{"line":77,"column":23},"end":{"line":77,"column":97}},"31":{"start":{"line":77,"column":58},"end":{"line":77,"column":96}},"32":{"start":{"line":79,"column":25},"end":{"line":85,"column":3}},"33":{"start":{"line":80,"column":4},"end":{"line":80,"column":37}},"34":{"start":{"line":80,"column":30},"end":{"line":80,"column":37}},"35":{"start":{"line":81,"column":21},"end":{"line":81,"column":104}},"36":{"start":{"line":82,"column":4},"end":{"line":82,"column":37}},"37":{"start":{"line":83,"column":4},"end":{"line":83,"column":27}},"38":{"start":{"line":84,"column":4},"end":{"line":84,"column":91}},"39":{"start":{"line":87,"column":25},"end":{"line":93,"column":3}},"40":{"start":{"line":88,"column":4},"end":{"line":88,"column":37}},"41":{"start":{"line":88,"column":30},"end":{"line":88,"column":37}},"42":{"start":{"line":89,"column":21},"end":{"line":89,"column":104}},"43":{"start":{"line":90,"column":4},"end":{"line":90,"column":37}},"44":{"start":{"line":91,"column":4},"end":{"line":91,"column":27}},"45":{"start":{"line":92,"column":4},"end":{"line":92,"column":91}},"46":{"start":{"line":96,"column":21},"end":{"line":113,"column":6}},"47":{"start":{"line":99,"column":6},"end":{"line":99,"column":39}},"48":{"start":{"line":99,"column":32},"end":{"line":99,"column":39}},"49":{"start":{"line":100,"column":19},"end":{"line":100,"column":40}},"50":{"start":{"line":101,"column":6},"end":{"line":101,"column":35}},"51":{"start":{"line":102,"column":6},"end":{"line":102,"column":25}},"52":{"start":{"line":105,"column":6},"end":{"line":105,"column":39}},"53":{"start":{"line":105,"column":32},"end":{"line":105,"column":39}},"54":{"start":{"line":106,"column":19},"end":{"line":106,"column":40}},"55":{"start":{"line":107,"column":6},"end":{"line":107,"column":35}},"56":{"start":{"line":108,"column":6},"end":{"line":108,"column":25}},"57":{"start":{"line":111,"column":6},"end":{"line":111,"column":39}},"58":{"start":{"line":111,"column":32},"end":{"line":111,"column":39}},"59":{"start":{"line":112,"column":6},"end":{"line":112,"column":106}},"60":{"start":{"line":116,"column":16},"end":{"line":116,"column":83}},"61":{"start":{"line":117,"column":14},"end":{"line":117,"column":94}},"62":{"start":{"line":118,"column":21},"end":{"line":118,"column":37}},"63":{"start":{"line":119,"column":20},"end":{"line":119,"column":44}},"64":{"start":{"line":120,"column":15},"end":{"line":120,"column":44}},"65":{"start":{"line":122,"column":20},"end":{"line":122,"column":65}},"66":{"start":{"line":123,"column":21},"end":{"line":123,"column":90}},"67":{"start":{"line":126,"column":18},"end":{"line":126,"column":78}},"68":{"start":{"line":127,"column":15},"end":{"line":127,"column":28}},"69":{"start":{"line":128,"column":18},"end":{"line":128,"column":69}},"70":{"start":{"line":129,"column":18},"end":{"line":131,"column":8}},"71":{"start":{"line":133,"column":2},"end":{"line":210,"column":4}},"72":{"start":{"line":215,"column":15},"end":{"line":315,"column":2}}},"fnMap":{"0":{"name":"polarToXY","decl":{"start":{"line":25,"column":9},"end":{"line":25,"column":18}},"loc":{"start":{"line":25,"column":74},"end":{"line":28,"column":1}},"line":25},"1":{"name":"describeArc","decl":{"start":{"line":31,"column":9},"end":{"line":31,"column":20}},"loc":{"start":{"line":31,"column":74},"end":{"line":38,"column":1}},"line":31},"2":{"name":"touchToTemp","decl":{"start":{"line":44,"column":9},"end":{"line":44,"column":20}},"loc":{"start":{"line":44,"column":51},"end":{"line":57,"column":1}},"line":44},"3":{"name":"(anonymous_3)","decl":{"start":{"line":71,"column":73},"end":{"line":71,"column":74}},"loc":{"start":{"line":71,"column":93},"end":{"line":211,"column":1}},"line":71},"4":{"name":"(anonymous_4)","decl":{"start":{"line":77,"column":53},"end":{"line":77,"column":54}},"loc":{"start":{"line":77,"column":58},"end":{"line":77,"column":96}},"line":77},"5":{"name":"(anonymous_5)","decl":{"start":{"line":79,"column":25},"end":{"line":79,"column":26}},"loc":{"start":{"line":79,"column":31},"end":{"line":85,"column":3}},"line":79},"6":{"name":"(anonymous_6)","decl":{"start":{"line":87,"column":25},"end":{"line":87,"column":26}},"loc":{"start":{"line":87,"column":31},"end":{"line":93,"column":3}},"line":87},"7":{"name":"(anonymous_7)","decl":{"start":{"line":98,"column":13},"end":{"line":98,"column":14}},"loc":{"start":{"line":98,"column":20},"end":{"line":103,"column":5}},"line":98},"8":{"name":"(anonymous_8)","decl":{"start":{"line":104,"column":14},"end":{"line":104,"column":15}},"loc":{"start":{"line":104,"column":21},"end":{"line":109,"column":5}},"line":104},"9":{"name":"(anonymous_9)","decl":{"start":{"line":110,"column":11},"end":{"line":110,"column":12}},"loc":{"start":{"line":110,"column":17},"end":{"line":113,"column":5}},"line":110}},"branchMap":{"0":{"loc":{"start":{"line":32,"column":2},"end":{"line":32,"column":27}},"type":"if","locations":[{"start":{"line":32,"column":2},"end":{"line":32,"column":27}},{"start":{},"end":{}}],"line":32},"1":{"loc":{"start":{"line":33,"column":12},"end":{"line":33,"column":39}},"type":"cond-expr","locations":[{"start":{"line":33,"column":26},"end":{"line":33,"column":32}},{"start":{"line":33,"column":35},"end":{"line":33,"column":39}}],"line":33},"2":{"loc":{"start":{"line":36,"column":19},"end":{"line":36,"column":34}},"type":"cond-expr","locations":[{"start":{"line":36,"column":29},"end":{"line":36,"column":30}},{"start":{"line":36,"column":33},"end":{"line":36,"column":34}}],"line":36},"3":{"loc":{"start":{"line":51,"column":20},"end":{"line":51,"column":56}},"type":"cond-expr","locations":[{"start":{"line":51,"column":51},"end":{"line":51,"column":52}},{"start":{"line":51,"column":55},"end":{"line":51,"column":56}}],"line":51},"4":{"loc":{"start":{"line":52,"column":14},"end":{"line":54,"column":27}},"type":"cond-expr","locations":[{"start":{"line":53,"column":6},"end":{"line":53,"column":15}},{"start":{"line":54,"column":6},"end":{"line":54,"column":27}}],"line":52},"5":{"loc":{"start":{"line":80,"column":4},"end":{"line":80,"column":37}},"type":"if","locations":[{"start":{"line":80,"column":4},"end":{"line":80,"column":37}},{"start":{},"end":{}}],"line":80},"6":{"loc":{"start":{"line":88,"column":4},"end":{"line":88,"column":37}},"type":"if","locations":[{"start":{"line":88,"column":4},"end":{"line":88,"column":37}},{"start":{},"end":{}}],"line":88},"7":{"loc":{"start":{"line":99,"column":6},"end":{"line":99,"column":39}},"type":"if","locations":[{"start":{"line":99,"column":6},"end":{"line":99,"column":39}},{"start":{},"end":{}}],"line":99},"8":{"loc":{"start":{"line":105,"column":6},"end":{"line":105,"column":39}},"type":"if","locations":[{"start":{"line":105,"column":6},"end":{"line":105,"column":39}},{"start":{},"end":{}}],"line":105},"9":{"loc":{"start":{"line":111,"column":6},"end":{"line":111,"column":39}},"type":"if","locations":[{"start":{"line":111,"column":6},"end":{"line":111,"column":39}},{"start":{},"end":{}}],"line":111},"10":{"loc":{"start":{"line":117,"column":14},"end":{"line":117,"column":94}},"type":"cond-expr","locations":[{"start":{"line":117,"column":36},"end":{"line":117,"column":90}},{"start":{"line":117,"column":93},"end":{"line":117,"column":94}}],"line":117},"11":{"loc":{"start":{"line":123,"column":21},"end":{"line":123,"column":90}},"type":"cond-expr","locations":[{"start":{"line":123,"column":38},"end":{"line":123,"column":83}},{"start":{"line":123,"column":86},"end":{"line":123,"column":90}}],"line":123},"12":{"loc":{"start":{"line":126,"column":18},"end":{"line":126,"column":78}},"type":"cond-expr","locations":[{"start":{"line":126,"column":40},"end":{"line":126,"column":72}},{"start":{"line":126,"column":75},"end":{"line":126,"column":78}}],"line":126},"13":{"loc":{"start":{"line":128,"column":18},"end":{"line":128,"column":69}},"type":"cond-expr","locations":[{"start":{"line":128,"column":31},"end":{"line":128,"column":34}},{"start":{"line":128,"column":37},"end":{"line":128,"column":69}}],"line":128},"14":{"loc":{"start":{"line":129,"column":18},"end":{"line":131,"column":8}},"type":"cond-expr","locations":[{"start":{"line":130,"column":6},"end":{"line":130,"column":25}},{"start":{"line":131,"column":6},"end":{"line":131,"column":8}}],"line":129},"15":{"loc":{"start":{"line":138,"column":40},"end":{"line":138,"column":86}},"type":"binary-expr","locations":[{"start":{"line":138,"column":40},"end":{"line":138,"column":60}},{"start":{"line":138,"column":64},"end":{"line":138,"column":86}}],"line":138},"16":{"loc":{"start":{"line":155,"column":11},"end":{"line":157,"column":11}},"type":"binary-expr","locations":[{"start":{"line":155,"column":11},"end":{"line":155,"column":21}},{"start":{"line":156,"column":12},"end":{"line":156,"column":122}}],"line":155},"17":{"loc":{"start":{"line":173,"column":15},"end":{"line":175,"column":15}},"type":"binary-expr","locations":[{"start":{"line":173,"column":15},"end":{"line":173,"column":34}},{"start":{"line":174,"column":16},"end":{"line":174,"column":73}}],"line":173},"18":{"loc":{"start":{"line":203,"column":7},"end":{"line":208,"column":7}},"type":"binary-expr","locations":[{"start":{"line":203,"column":7},"end":{"line":203,"column":19}},{"start":{"line":204,"column":8},"end":{"line":207,"column":15}}],"line":203}},"s":{"0":0,"1":0,"2":0,"3":0,"4":0,"5":0,"6":0,"7":0,"8":0,"9":0,"10":0,"11":0,"12":0,"13":0,"14":0,"15":0,"16":0,"17":0,"18":0,"19":0,"20":0,"21":0,"22":0,"23":0,"24":0,"25":0,"26":0,"27":0,"28":0,"29":0,"30":0,"31":0,"32":0,"33":0,"34":0,"35":0,"36":0,"37":0,"38":0,"39":0,"40":0,"41":0,"42":0,"43":0,"44":0,"45":0,"46":0,"47":0,"48":0,"49":0,"50":0,"51":0,"52":0,"53":0,"54":0,"55":0,"56":0,"57":0,"58":0,"59":0,"60":0,"61":0,"62":0,"63":0,"64":0,"65":0,"66":0,"67":0,"68":0,"69":0,"70":0,"71":0,"72":0},"f":{"0":0,"1":0,"2":0,"3":0,"4":0,"5":0,"6":0,"7":0,"8":0,"9":0},"b":{"0":[0,0],"1":[0,0],"2":[0,0],"3":[0,0],"4":[0,0],"5":[0,0],"6":[0,0],"7":[0,0],"8":[0,0],"9":[0,0],"10":[0,0],"11":[0,0],"12":[0,0],"13":[0,0],"14":[0,0],"15":[0,0],"16":[0,0],"17":[0,0],"18":[0,0]}}
,"C:\\Users\\vzwingma\\IdeaProjects\\domoticz-mobile\\app\\controllers\\devices.controller.tsx": {"path":"C:\\Users\\vzwingma\\IdeaProjects\\domoticz-mobile\\app\\controllers\\devices.controller.tsx","statementMap":{"0":{"start":{"line":20,"column":20},"end":{"line":20,"column":37}},"1":{"start":{"line":23,"column":4},"end":{"line":67,"column":10}},"2":{"start":{"line":25,"column":51},"end":{"line":45,"column":18}},"3":{"start":{"line":28,"column":20},"end":{"line":43,"column":21}},"4":{"start":{"line":44,"column":20},"end":{"line":44,"column":35}},"5":{"start":{"line":47,"column":55},"end":{"line":51,"column":110}},"6":{"start":{"line":48,"column":52},"end":{"line":48,"column":94}},"7":{"start":{"line":50,"column":50},"end":{"line":50,"column":123}},"8":{"start":{"line":50,"column":124},"end":{"line":50,"column":138}},"9":{"start":{"line":51,"column":66},"end":{"line":51,"column":109}},"10":{"start":{"line":53,"column":53},"end":{"line":57,"column":110}},"11":{"start":{"line":54,"column":52},"end":{"line":54,"column":92}},"12":{"start":{"line":56,"column":50},"end":{"line":56,"column":123}},"13":{"start":{"line":56,"column":124},"end":{"line":56,"column":138}},"14":{"start":{"line":57,"column":66},"end":{"line":57,"column":109}},"15":{"start":{"line":59,"column":51},"end":{"line":59,"column":89}},"16":{"start":{"line":61,"column":12},"end":{"line":61,"column":45}},"17":{"start":{"line":65,"column":12},"end":{"line":65,"column":105}},"18":{"start":{"line":65,"column":68},"end":{"line":65,"column":103}},"19":{"start":{"line":66,"column":12},"end":{"line":66,"column":33}},"20":{"start":{"line":77,"column":4},"end":{"line":79,"column":29}},"21":{"start":{"line":88,"column":16},"end":{"line":88,"column":35}},"22":{"start":{"line":89,"column":4},"end":{"line":89,"column":93}},"23":{"start":{"line":89,"column":56},"end":{"line":89,"column":93}},"24":{"start":{"line":90,"column":4},"end":{"line":90,"column":95}},"25":{"start":{"line":90,"column":58},"end":{"line":90,"column":95}},"26":{"start":{"line":91,"column":4},"end":{"line":91,"column":17}},"27":{"start":{"line":100,"column":4},"end":{"line":109,"column":5}},"28":{"start":{"line":101,"column":6},"end":{"line":108,"column":7}},"29":{"start":{"line":102,"column":8},"end":{"line":102,"column":107}},"30":{"start":{"line":106,"column":28},"end":{"line":106,"column":108}},"31":{"start":{"line":107,"column":8},"end":{"line":107,"column":76}},"32":{"start":{"line":121,"column":20},"end":{"line":121,"column":37}},"33":{"start":{"line":123,"column":4},"end":{"line":123,"column":39}},"34":{"start":{"line":124,"column":4},"end":{"line":141,"column":5}},"35":{"start":{"line":125,"column":8},"end":{"line":125,"column":64}},"36":{"start":{"line":128,"column":8},"end":{"line":128,"column":99}},"37":{"start":{"line":130,"column":21},"end":{"line":131,"column":61}},"38":{"start":{"line":133,"column":8},"end":{"line":140,"column":15}},"39":{"start":{"line":135,"column":16},"end":{"line":135,"column":106}},"40":{"start":{"line":135,"column":70},"end":{"line":135
[...]
,"C:\\Users\\vzwingma\\IdeaProjects\\domoticz-mobile\\components\\IconDomoticzThermostat.tsx": {"path":"C:\\Users\\vzwingma\\IdeaProjects\\domoticz-mobile\\components\\IconDomoticzThermostat.tsx","statementMap":{"0":{"start":{"line":9,"column":49},"end":{"line":11,"column":1}},"1":{"start":{"line":10,"column":4},"end":{"line":10,"column":61}}},"fnMap":{"0":{"name":"(anonymous_0)","decl":{"start":{"line":9,"column":49},"end":{"line":9,"column":50}},"loc":{"start":{"line":9,"column":55},"end":{"line":11,"column":1}},"line":9}},"branchMap":{},"s":{"0":0,"1":0},"f":{"0":0},"b":{}}
,"C:\\Users\\vzwingma\\IdeaProjects\\domoticz-mobile\\components\\IconVoletSVG.tsx": {"path":"C:\\Users\\vzwingma\\IdeaProjects\\domoticz-mobile\\components\\IconVoletSVG.tsx","statementMap":{"0":{"start":{"line":8,"column":10},"end":{"line":8,"column":12}},"1":{"start":{"line":9,"column":10},"end":{"line":9,"column":12}},"2":{"start":{"line":10,"column":17},"end":{"line":10,"column":18}},"3":{"start":{"line":11,"column":16},"end":{"line":11,"column":17}},"4":{"start":{"line":12,"column":18},"end":{"line":12,"column":19}},"5":{"start":{"line":13,"column":15},"end":{"line":13,"column":16}},"6":{"start":{"line":14,"column":15},"end":{"line":14,"column":18}},"7":{"start":{"line":16,"column":16},"end":{"line":16,"column":31}},"8":{"start":{"line":17,"column":16},"end":{"line":17,"column":31}},"9":{"start":{"line":18,"column":15},"end":{"line":18,"column":41}},"10":{"start":{"line":19,"column":15},"end":{"line":19,"column":31}},"11":{"start":{"line":20,"column":15},"end":{"line":20,"column":34}},"12":{"start":{"line":38,"column":57},"end":{"line":128,"column":1}},"13":{"start":{"line":39,"column":16},"end":{"line":39,"column":37}},"14":{"start":{"line":42,"column":25},"end":{"line":42,"column":93}},"15":{"start":{"line":45,"column":18},"end":{"line":45,"column":59}},"16":{"start":{"line":48,"column":20},"end":{"line":48,"column":72}},"17":{"start":{"line":50,"column":2},"end":{"line":127,"column":4}},"18":{"start":{"line":81,"column":8},"end":{"line":89,"column":30}},"19":{"start":{"line":94,"column":8},"end":{"line":112,"column":9}},"20":{"start":{"line":97,"column":10},"end":{"line":97,"column":39}},"21":{"start":{"line":97,"column":27},"end":{"line":97,"column":39}},"22":{"start":{"line":98,"column":28},"end":{"line":98,"column":33}},"23":{"start":{"line":99,"column":25},"end":{"line":101,"column":36}},"24":{"start":{"line":102,"column":26},"end":{"line":102,"column":45}},"25":{"start":{"line":103,"column":10},"end":{"line":111,"column":12}},"26":{"start":{"line":115,"column":8},"end":{"line":115,"column":40}},"27":{"start":{"line":115,"column":28},"end":{"line":115,"column":40}},"28":{"start":{"line":116,"column":8},"end":{"line":123,"column":10}}},"fnMap":{"0":{"name":"(anonymous_0)","decl":{"start":{"line":38,"column":57},"end":{"line":38,"column":58}},"loc":{"start":{"line":38,"column":73},"end":{"line":128,"column":1}},"line":38},"1":{"name":"(anonymous_1)","decl":{"start":{"line":80,"column":41},"end":{"line":80,"column":42}},"loc":{"start":{"line":81,"column":8},"end":{"line":89,"column":30}},"line":81},"2":{"name":"(anonymous_2)","decl":{"start":{"line":93,"column":41},"end":{"line":93,"column":42}},"loc":{"start":{"line":93,"column":51},"end":{"line":124,"column":7}},"line":93}},"branchMap":{"0":{"loc":{"start":{"line":42,"column":25},"end":{"line":42,"column":93}},"type":"cond-expr","locations":[{"start":{"line":42,"column":70},"end":{"line":42,"column":71}},{"start":{"line":42,"column":75},"end":{"line":42,"column":92}}],"line":42},"1":{"loc":{"start":{"line":42,"column":75},"end":{"line":42,"column":92}},"type":"binary-expr","locations":[{"start":{"line":42,"column":75},"end":{"line":42,"column":87}},{"start":{"line":42,"column":91},"end":{"line":42,"column":92}}],"line":42},"2":{"loc":{"start":{"line":45,"column":18},"end":{"line":45,"column":59}},"type":"binary-expr","locations":[{"start":{"line":45,"column":18},"end":{"line":45,"column":32}},{"start":{"line":45,"column":36},"end":{"line":45,"column":59}}],"line":45},"3":{"loc":{"start":{"line":54,"column":7},"end":{"line":65,"column":7}},"type":"binary-expr","locations":[{"start":{"line":54,"column":7},"end":{"line":54,"column":14}},{"start":{"line":55,"column":8},"end":{"line":64,"column":15}}],"line":54},"4":{"loc":{"start":{"line":77,"column":25},"end":{"line":77,"column":49}},"type":"cond-expr","locations":[{"start":{"line":77,"column":42},"end":{"line":77,"column":45}},{"start":{"line":77,"column":48},"end":{"line":77,"column":49}}],"line":77},"5":{"loc":{"start":{"line":94,"column":8},"end":{"line":112,"column":9}},"type":"if","locations":[{"start":{"line":94,"column":8},"end":{"line":112,"column":9}},{"start":{},"end":{}}],"line":94},"6":{"loc":{"start":{"line":97,"column":10},"end":{"line":97,"column":39}},"type":"if","locations":[{"start":{"line":97,"column":10},"end":{"line":97,"column":39}},{"start":{},"end":{}}],"line":97},"7":{"loc":{"start":{"line":99,"column":25},"end":{"line":101,"column":36}},"type":"cond-expr","locations":[{"start":{"line":100,"column":14},"end":{"line":100,"column":36}},{"start":{"line":101,"column":14},"end":{"line":101,"column":36}}],"line":99},"8":{"loc":{"start":{"line":115,"column":8},"end":{"line":115,"column":40}},"type":"if","locations":[{"start":{"line":115,"column":8},"end":{"line":115,"column":40}},{"start":{},"end":{}}],"line":115}},"s":{"0":1,"1":1,"2":1,"3":1,"4":1,"5":1,"6":1,"7":1,"8":1,"9":1,"10":1,"11":1,"12":1,"13":8,"14":8,"15":8,"16":8,"17":8,"18":64,"19":64,"20":8,"21":4,"22":4,"23":4,"24":4,"25":4,"26":56,"27":20,"28":36},"f":{"0":8,"1":64,"2":64},"b":{"0":[3,5],"1":[5,0],"2":[8,5],"3":[8,1],"4":[5,3],"5":[8,56],"6":[4,4],"7":[2,2],"8":[20,36]},"_coverageSchema":"1a1c01bbd47fc00a2c39e90264f33305004495a9","hash":"c1d2c26964ac18f9b1b1f8dc38d94b4f10269c91"}
,"C:\\Users\\vzwingma\\IdeaProjects\\domoticz-mobile\\components\\ParallaxScrollView.tsx": {"path":"C:\\Users\\vzwingma\\IdeaProjects\\domoticz-mobile\\components\\ParallaxScrollView.tsx","statementMap":{"0":{"start":{"line":15,"column":22},"end":{"line":15,"column":24}},"1":{"start":{"line":32,"column":20},"end":{"line":32,"column":57}},"2":{"start":{"line":33,"column":23},"end":{"line":33,"column":49}},"3":{"start":{"line":35,"column":19},"end":{"line":35,"column":24}},"4":{"start":{"line":37,"column":30},"end":{"line":52,"column":4}},"5":{"start":{"line":38,"column":4},"end":{"line":51,"column":6}},"6":{"start":{"line":54,"column":20},"end":{"line":57,"column":33}},"7":{"start":{"line":55,"column":4},"end":{"line":55,"column":31}},"8":{"start":{"line":56,"column":4},"end":{"line":56,"column":29}},"9":{"start":{"line":60,"column":2},"end":{"line":76,"column":4}},"10":{"start":{"line":79,"column":15},"end":{"line":94,"column":2}}},"fnMap":{"0":{"name":"ParallaxScrollView","decl":{"start":{"line":24,"column":24},"end":{"line":24,"column":42}},"loc":{"start":{"line":30,"column":10},"end":{"line":77,"column":1}},"line":30},"1":{"name":"(anonymous_1)","decl":{"start":{"line":37,"column":47},"end":{"line":37,"column":48}},"loc":{"start":{"line":37,"column":53},"end":{"line":52,"column":3}},"line":37},"2":{"name":"(anonymous_2)","decl":{"start":{"line":54,"column":38},"end":{"line":54,"column":39}},"loc":{"start":{"line":54,"column":44},"end":{"line":57,"column":3}},"line":54}},"branchMap":{},"s":{"0":0,"1":0,"2":0,"3":0,"4":0,"5":0,"6":0,"7":0,"8":0,"9":0,"10":0},"f":{"0":0,"1":0,"2":0},"b":{}}
,"C:\\Users\\vzwingma\\IdeaProjects\\domoticz-mobile\\components\\ThemedText.tsx": {"path":"C:\\Users\\vzwingma\\IdeaProjects\\domoticz-mobile\\components\\ThemedText.tsx","statementMap":{"0":{"start":{"line":16,"column":16},"end":{"line":16,"column":37}},"1":{"start":{"line":18,"column":2},"end":{"line":33,"column":4}},"2":{"start":{"line":36,"column":15},"end":{"line":71,"column":2}}},"fnMap":{"0":{"name":"ThemedText","decl":{"start":{"line":11,"column":16},"end":{"line":11,"column":26}},"loc":{"start":{"line":15,"column":20},"end":{"line":34,"column":1}},"line":15}},"branchMap":{"0":{"loc":{"start":{"line":13,"column":2},"end":{"line":13,"column":18}},"type":"default-arg","locations":[{"start":{"line":13,"column":9},"end":{"line":13,"column":18}}],"line":13},"1":{"loc":{"start":{"line":22,"column":8},"end":{"line":22,"column":55}},"type":"cond-expr","locations":[{"start":{"line":22,"column":29},"end":{"line":22,"column":43}},{"start":{"line":22,"column":46},"end":{"line":22,"column":55}}],"line":22},"2":{"loc":{"start":{"line":23,"column":8},"end":{"line":23,"column":51}},"type":"cond-expr","locations":[{"start":{"line":23,"column":27},"end":{"line":23,"column":39}},{"start":{"line":23,"column":42},"end":{"line":23,"column":51}}],"line":23},"3":{"loc":{"start":{"line":24,"column":8},"end":{"line":24,"column":71}},"type":"cond-expr","locations":[{"start":{"line":24,"column":37},"end":{"line":24,"column":59}},{"start":{"line":24,"column":62},"end":{"line":24,"column":71}}],"line":24},"4":{"loc":{"start":{"line":25,"column":8},"end":{"line":25,"column":57}},"type":"cond-expr","locations":[{"start":{"line":25,"column":30},"end":{"line":25,"column":45}},{"start":{"line":25,"column":48},"end":{"line":25,"column":57}}],"line":25},"5":{"loc":{"start":{"line":26,"column":8},"end":{"line":26,"column":49}},"type":"cond-expr","locations":[{"start":{"line":26,"column":26},"end":{"line":26,"column":37}},{"start":{"line":26,"column":40},"end":{"line":26,"column":49}}],"line":26},"6":{"loc":{"start":{"line":27,"column":8},"end":{"line":27,"column":53}},"type":"cond-expr","locations":[{"start":{"line":27,"column":28},"end":{"line":27,"column":41}},{"start":{"line":27,"column":44},"end":{"line":27,"column":53}}],"line":27},"7":{"loc":{"start":{"line":28,"column":8},"end":{"line":28,"column":47}},"type":"cond-expr","locations":[{"start":{"line":28,"column":25},"end":{"line":28,"column":35}},{"start":{"line":28,"column":38},"end":{"line":28,"column":47}}],"line":28}},"s":{"0":222,"1":222,"2":11},"f":{"0":222},"b":{"0":[188],"1":[189,33],"2":[6,216],"3":[2,220],"4":[2,220],"5":[2,220],"6":[2,220],"7":[19,203]},"_coverageSchema":"1a1c01bbd47fc00a2c39e90264f33305004495a9","hash":"59a0009db5c0d15e762932ca2f36561a65765e03"}
,"C:\\Users\\vzwingma\\IdeaProjects\\domoticz-mobile\\components\\navigation\\TabBarIcon.tsx": {"path":"C:\\Users\\vzwingma\\IdeaProjects\\domoticz-mobile\\components\\navigation\\TabBarIcon.tsx","statementMap":{"0":{"start":{"line":11,"column":4},"end":{"line":11,"column":82}}},"fnMap":{"0":{"name":"TabBarIcon","decl":{"start":{"line":10,"column":16},"end":{"line":10,"column":26}},"loc":{"start":{"line":10,"column":52},"end":{"line":12,"column":1}},"line":10}},"branchMap":{},"s":{"0":17},"f":{"0":17},"b":{},"_coverageSchema":"1a1c01bbd47fc00a2c39e90264f33305004495a9","hash":"1c76811eb06fb16498b5f2571d1d0e4b029d61a9"}
,"C:\\Users\\vzwingma\\IdeaProjects\\domoticz-mobile\\components\\navigation\\TabBarItem.tsx": {"path":"C:\\Users\\vzwingma\\IdeaProjects\\domoticz-mobile\\components\\navigation\\TabBarItem.tsx","statementMap":{"0":{"start":{"line":22,"column":4},"end":{"line":26,"column":20}},"1":{"start":{"line":22,"column":65},"end":{"line":22,"column":86}},"2":{"start":{"line":22,"column":106},"end":{"line":22,"column":127}},"3":{"start":{"line":35,"column":4},"end":{"line":48,"column":5}},"4":{"start":{"line":37,"column":8},"end":{"line":37,"column":22}},"5":{"start":{"line":39,"column":8},"end":{"line":39,"column":22}},"6":{"start":{"line":41,"column":8},"end":{"line":41,"column":30}},"7":{"start":{"line":43,"column":8},"end":{"line":43,"column":29}},"8":{"start":{"line":45,"column":10},"end":{"line":45,"column":24}},"9":{"start":{"line":47,"column":8},"end":{"line":47,"column":18}},"10":{"start":{"line":51,"column":18},"end":{"line":60,"column":6}}},"fnMap":{"0":{"name":"TabBarItems","decl":{"start":{"line":21,"column":16},"end":{"line":21,"column":27}},"loc":{"start":{"line":21,"column":107},"end":{"line":27,"column":3}},"line":21},"1":{"name":"(anonymous_1)","decl":{"start":{"line":22,"column":59},"end":{"line":22,"column":60}},"loc":{"start":{"line":22,"column":65},"end":{"line":22,"column":86}},"line":22},"2":{"name":"(anonymous_2)","decl":{"start":{"line":22,"column":100},"end":{"line":22,"column":101}},"loc":{"start":{"line":22,"column":106},"end":{"line":22,"column":127}},"line":22},"3":{"name":"getTabIconName","decl":{"start":{"line":34,"column":11},"end":{"line":34,"column":25}},"loc":{"start":{"line":34,"column":45},"end":{"line":49,"column":3}},"line":34}},"branchMap":{"0":{"loc":{"start":{"line":23,"column":61},"end":{"line":23,"column":100}},"type":"cond-expr","locations":[{"start":{"line":23,"column":85},"end":{"line":23,"column":87}},{"start":{"line":23,"column":90},"end":{"line":23,"column":100}}],"line":23},"1":{"loc":{"start":{"line":24,"column":35},"end":{"line":24,"column":92}},"type":"cond-expr","locations":[{"start":{"line":24,"column":59},"end":{"line":24,"column":80}},{"start":{"line":24,"column":83},"end":{"line":24,"column":92}}],"line":24},"2":{"loc":{"start":{"line":35,"column":4},"end":{"line":48,"column":5}},"type":"switch","locations":[{"start":{"line":36,"column":6},"end":{"line":37,"column":22}},{"start":{"line":38,"column":6},"end":{"line":39,"column":22}},{"start":{"line":40,"column":6},"end":{"line":41,"column":30}},{"start":{"line":42,"column":6},"end":{"line":43,"column":29}},{"start":{"line":44,"column":6},"end":{"line":45,"column":24}},{"start":{"line":46,"column":6},"end":{"line":47,"column":18}}],"line":35}},"s":{"0":17,"1":1,"2":1,"3":17,"4":3,"5":5,"6":3,"7":3,"8":3,"9":0,"10":1},"f":{"0":17,"1":1,"2":1,"3":17},"b":{"0":[8,9],"1":[8,9],"2":[3,5,3,3,3,0]},"_coverageSchema":"1a1c01bbd47fc00a2c39e90264f33305004495a9","hash":"8e98bb68c316e93d0f389f721725e9408358ba65"}
,"C:\\Users\\vzwingma\\IdeaProjects\\domoticz-mobile\\components\\navigation\\TabHeaderIcon.tsx": {"path":"C:\\Users\\vzwingma\\IdeaProjects\\domoticz-mobile\\components\\navigation\\TabHeaderIcon.tsx","statementMap":{"0":{"start":{"line":13,"column":21},"end":{"line":13,"column":23}},"1":{"start":{"line":14,"column":4},"end":{"line":27,"column":5}},"2":{"start":{"line":16,"column":8},"end":{"line":16,"column":189}},"3":{"start":{"line":18,"column":8},"end":{"line":18,"column":85}},"4":{"start":{"line":20,"column":8},"end":{"line":20,"column":93}},"5":{"start":{"line":22,"column":8},"end":{"line":22,"column":98}},"6":{"start":{"line":24,"column":10},"end":{"line":24,"column":93}},"7":{"start":{"line":26,"column":8},"end":{"line":26,"column":21}},"8":{"start":{"line":33,"column":25},"end":{"line":42,"column":4}}},"fnMap":{"0":{"name":"getHeaderIcon","decl":{"start":{"line":12,"column":16},"end":{"line":12,"column":29}},"loc":{"start":{"line":12,"column":41},"end":{"line":28,"column":3}},"line":12}},"branchMap":{"0":{"loc":{"start":{"line":14,"column":4},"end":{"line":27,"column":5}},"type":"switch","locations":[{"start":{"line":15,"column":6},"end":{"line":16,"column":189}},{"start":{"line":17,"column":6},"end":{"line":18,"column":85}},{"start":{"line":19,"column":6},"end":{"line":20,"column":93}},{"start":{"line":21,"column":6},"end":{"line":22,"column":98}},{"start":{"line":23,"column":8},"end":{"line":24,"column":93}},{"start":{"line":25,"column":6},"end":{"line":26,"column":21}}],"line":14},"1":{"loc":{"start":{"line":16,"column":30},"end":{"line":16,"column":154}},"type":"cond-expr","locations":[{"start":{"line":16,"column":59},"end":{"line":16,"column":105}},{"start":{"line":16,"column":108},"end":{"line":16,"column":154}}],"line":16}},"s":{"0":0,"1":0,"2":0,"3":0,"4":0,"5":0,"6":0,"7":0,"8":0},"f":{"0":0},"b":{"0":[0,0,0,0,0,0],"1":[0,0]}}
,"C:\\Users\\vzwingma\\IdeaProjects\\domoticz-mobile\\hooks\\AndroidToast.ts": {"path":"C:\\Users\\vzwingma\\IdeaProjects\\domoticz-mobile\\hooks\\AndroidToast.ts","statementMap":{"0":{"start":{"line":6,"column":4},"end":{"line":11,"column":5}},"1":{"start":{"line":7,"column":8},"end":{"line":7,"column":38}},"2":{"start":{"line":9,"column":9},"end":{"line":11,"column":5}},"3":{"start":{"line":10,"column":8},"end":{"line":10,"column":153}}},"fnMap":{"0":{"name":"showToast","decl":{"start":{"line":5,"column":16},"end":{"line":5,"column":25}},"loc":{"start":{"line":5,"column":66},"end":{"line":12,"column":1}},"line":5}},"branchMap":{"0":{"loc":{"start":{"line":6,"column":4},"end":{"line":11,"column":5}},"type":"if","locations":[{"start":{"line":6,"column":4},"end":{"line":11,"column":5}},{"start":{"line":9,"column":9},"end":{"line":11,"column":5}}],"line":6},"1":{"loc":{"start":{"line":9,"column":9},"end":{"line":11,"column":5}},"type":"if","locations":[{"start":{"line":9,"column":9},"end":{"line":11,"column":5}},{"start":{},"end":{}}],"line":9},"2":{"loc":{"start":{"line":10,"column":32},"end":{"line":10,"column":151}},"type":"cond-expr","locations":[{"start":{"line":10,"column":113},"end":{"line":10,"column":131}},{"start":{"line":10,"column":134},"end":{"line":10,"column":151}}],"line":10},"3":{"loc":{"start":{"line":10,"column":32},"end":{"line":10,"column":110}},"type":"binary-expr","locations":[{"start":{"line":10,"column":32},"end":{"line":10,"column":54}},{"start":{"line":10,"column":58},"end":{"line":10,"column":74}},{"start":{"line":10,"column":78},"end":{"line":10,"column":110}}],"line":10}},"s":{"0":8,"1":4,"2":4,"3":4},"f":{"0":8},"b":{"0":[4,4],"1":[4,0],"2":[1,3],"3":[4,2,2]},"_coverageSchema":"1a1c01bbd47fc00a2c39e90264f33305004495a9","hash":"4ba67dab487604808a85f98cccedff64a979fe87"}
,"C:\\Users\\vzwingma\\IdeaProjects\\domoticz-mobile\\hooks\\useColorScheme.ts": {"path":"C:\\Users\\vzwingma\\IdeaProjects\\domoticz-mobile\\hooks\\useColorScheme.ts","statementMap":{},"fnMap":{},"branchMap":{},"s":{},"f":{},"b":{}}
,"C:\\Users\\vzwingma\\IdeaProjects\\domoticz-mobile\\hooks\\useColorScheme.web.ts": {"path":"C:\\Users\\vzwingma\\IdeaProjects\\domoticz-mobile\\hooks\\useColorScheme.web.ts","statementMap":{"0":{"start":{"line":7,"column":2},"end":{"line":7,"column":16}}},"fnMap":{"0":{"name":"useColorScheme","decl":{"start":{"line":6,"column":16},"end":{"line":6,"column":30}},"loc":{"start":{"line":6,"column":33},"end":{"line":8,"column":1}},"line":6}},"branchMap":{},"s":{"0":0},"f":{"0":0},"b":{}}
,"C:\\Users\\vzwingma\\IdeaProjects\\domoticz-mobile\\hooks\\useThemeColor.ts": {"path":"C:\\Users\\vzwingma\\IdeaProjects\\domoticz-mobile\\hooks\\useThemeColor.ts","statementMap":{"0":{"start":{"line":11,"column":16},"end":{"line":11,"column":22}},"1":{"start":{"line":12,"column":2},"end":{"line":12,"column":34}}},"fnMap":{"0":{"name":"useThemeColor","decl":{"start":{"line":8,"column":16},"end":{"line":8,"column":29}},"loc":{"start":{"line":10,"column":2},"end":{"line":13,"column":1}},"line":10}},"branchMap":{},"s":{"0":248,"1":248},"f":{"0":248},"b":{},"_coverageSchema":"1a1c01bbd47fc00a2c39e90264f33305004495a9","hash":"4b5e499bed4cb2eebfce0745b5ae3af385eb080b"}
}
