TN:
SF:app\controllers\temperatures.controller.tsx
FN:11,loadDomoticzTemperatures
FN:15,(anonymous_1)
FN:17,(anonymous_2)
FN:33,(anonymous_3)
FN:34,(anonymous_4)
FN:37,(anonymous_5)
FN:50,filterTemperatureDeviceByType
FN:61,sortTemperatureDevices
FNF:8
FNH:8
FNDA:7,loadDomoticzTemperatures
FNDA:6,(anonymous_1)
FNDA:8,(anonymous_2)
FNDA:8,(anonymous_3)
FNDA:1,(anonymous_4)
FNDA:1,(anonymous_5)
FNDA:8,filterTemperatureDeviceByType
FNDA:6,sortTemperatureDevices
DA:14,7
DA:16,6
DA:18,8
DA:33,8
DA:34,1
DA:38,1
DA:39,1
DA:51,8
DA:62,6
DA:63,4
DA:64,3
DA:65,1
LF:12
LH:12
BRDA:62,0,0,2
BRDA:62,0,1,4
BRDA:62,1,0,6
BRDA:62,1,1,5
BRDA:63,2,0,1
BRDA:63,2,1,3
BRDA:64,3,0,2
BRDA:64,3,1,1
BRF:8
BRH:8
end_of_record
