TN:
SF:app\+html.tsx
FN:8,Root
FNF:1
FNH:0
FNDA:0,Root
DA:9,0
DA:31,0
LF:2
LH:0
BRF:0
BRH:0
end_of_record
TN:
SF:app\+not-found.tsx
FN:6,NotFoundScreen
FNF:1
FNH:0
FNDA:0,NotFoundScreen
DA:7,0
DA:20,0
LF:2
LH:0
BRF:0
BRH:0
end_of_record
TN:
SF:app\_layout.tsx
FN:16,RootLayout
FN:21,(anonymous_1)
FNF:2
FNH:0
FNDA:0,RootLayout
FNDA:0,(anonymous_1)
DA:10,0
DA:17,0
DA:21,0
DA:22,0
DA:23,0
DA:27,0
DA:28,0
DA:31,0
LF:8
LH:0
BRDA:22,0,0,0
BRDA:22,0,1,0
BRDA:27,1,0,0
BRDA:27,1,1,0
BRF:4
BRH:0
end_of_record
TN:
SF:app\(tabs)\_layout.tsx
FN:28,TabLayout
FN:44,selectNewTab
FN:53,(anonymous_2)
FN:62,storeConnexionData
FN:77,getConnectionBadgeState
FN:89,getPanelContent
FN:135,showPanel
FNF:7
FNH:0
FNDA:0,TabLayout
FNDA:0,selectNewTab
FNDA:0,(anonymous_2)
FNDA:0,storeConnexionData
FNDA:0,getConnectionBadgeState
FNDA:0,getPanelContent
FNDA:0,showPanel
DA:31,0
DA:32,0
DA:34,0
DA:36,0
DA:37,0
DA:45,0
DA:46,0
DA:53,0
DA:54,0
DA:55,0
DA:63,0
DA:64,0
DA:65,0
DA:66,0
DA:67,0
DA:68,0
DA:78,0
DA:90,0
DA:91,0
DA:92,0
DA:93,0
DA:95,0
DA:100,0
DA:137,0
DA:139,0
DA:141,0
DA:143,0
DA:145,0
DA:147,0
DA:149,0
DA:153,0
LF:31
LH:0
BRDA:90,0,0,0
BRDA:90,0,1,0
BRDA:92,1,0,0
BRDA:92,1,1,0
BRDA:115,2,0,0
BRDA:115,2,1,0
BRDA:115,3,0,0
BRDA:115,3,1,0
BRDA:137,4,0,0
BRDA:137,4,1,0
BRDA:137,4,2,0
BRDA:137,4,3,0
BRDA:137,4,4,0
BRDA:137,4,5,0
BRF:14
BRH:0
end_of_record
TN:
SF:app\(tabs)\devices.tabs.tsx
FN:23,TabDomoticzDevices
FN:34,(anonymous_1)
FN:35,(anonymous_2)
FNF:3
FNH:0
FNDA:0,TabDomoticzDevices
FNDA:0,(anonymous_1)
FNDA:0,(anonymous_2)
DA:25,0
DA:27,0
DA:28,0
DA:31,0
DA:33,0
DA:34,0
DA:36,0
DA:37,0
DA:40,0
LF:9
LH:0
BRDA:27,0,0,0
BRDA:27,0,1,0
BRF:2
BRH:0
end_of_record
TN:
SF:app\(tabs)\index.tsx
FN:19,HomeScreen
FN:27,(anonymous_1)
FN:45,getFavoritesDevicesFromCache
FN:50,(anonymous_3)
FN:54,(anonymous_4)
FN:55,(anonymous_5)
FN:57,(anonymous_6)
FN:58,(anonymous_7)
FN:76,getListFavoritesComponents
FN:82,(anonymous_9)
FN:87,(anonymous_10)
FN:89,(anonymous_11)
FNF:12
FNH:0
FNDA:0,HomeScreen
FNDA:0,(anonymous_1)
FNDA:0,getFavoritesDevicesFromCache
FNDA:0,(anonymous_3)
FNDA:0,(anonymous_4)
FNDA:0,(anonymous_5)
FNDA:0,(anonymous_6)
FNDA:0,(anonymous_7)
FNDA:0,getListFavoritesComponents
FNDA:0,(anonymous_9)
FNDA:0,(anonymous_10)
FNDA:0,(anonymous_11)
DA:12,0
DA:22,0
DA:23,0
DA:27,0
DA:28,0
DA:32,0
DA:46,0
DA:48,0
DA:50,0
DA:53,0
DA:54,0
DA:55,0
DA:57,0
DA:58,0
DA:59,0
DA:60,0
DA:61,0
DA:65,0
DA:77,0
DA:78,0
DA:79,0
DA:82,0
DA:83,0
DA:84,0
DA:87,0
DA:89,0
DA:90,0
DA:93,0
DA:94,0
DA:103,0
LF:30
LH:0
BRDA:46,0,0,0
BRDA:46,0,1,0
BRDA:54,1,0,0
BRDA:54,1,1,0
BRDA:59,2,0,0
BRDA:59,2,1,0
BRDA:59,3,0,0
BRDA:59,3,1,0
BRDA:78,4,0,0
BRDA:78,4,1,0
BRDA:93,5,0,0
BRDA:93,5,1,0
BRF:12
BRH:0
end_of_record
TN:
SF:app\(tabs)\parametrages.tab.tsx
FN:21,TabDomoticzParametres
FN:34,(anonymous_1)
FN:50,(anonymous_2)
FNF:3
FNH:0
FNDA:0,TabDomoticzParametres
FNDA:0,(anonymous_1)
FNDA:0,(anonymous_2)
DA:22,0
DA:23,0
DA:24,0
DA:27,0
DA:28,0
DA:29,0
DA:31,0
DA:35,0
DA:50,0
DA:81,0
DA:95,0
DA:141,0
LF:12
LH:0
BRDA:23,0,0,0
BRDA:23,0,1,0
BRDA:29,1,0,0
BRDA:29,1,1,0
BRDA:52,2,0,0
BRDA:52,2,1,0
BRDA:68,3,0,0
BRDA:68,3,1,0
BRF:8
BRH:0
end_of_record
TN:
SF:app\(tabs)\temperatures.tab.tsx
FN:17,TabDomoticzTemperatures
FN:22,(anonymous_1)
FN:26,(anonymous_2)
FNF:3
FNH:0
FNDA:0,TabDomoticzTemperatures
FNDA:0,(anonymous_1)
FNDA:0,(anonymous_2)
DA:19,0
DA:21,0
DA:22,0
DA:23,0
DA:26,0
DA:27,0
DA:32,0
LF:7
LH:0
BRF:0
BRH:0
end_of_record
TN:
SF:app\components\blindDevice.component.tsx
FN:20,(anonymous_0)
FN:34,(anonymous_1)
FN:47,(anonymous_2)
FN:48,(anonymous_3)
FN:49,(anonymous_4)
FN:75,getBlindGroupSummary
FN:77,(anonymous_6)
FN:83,(anonymous_7)
FN:99,getBlindGroupMembers
FN:100,(anonymous_9)
FN:105,(anonymous_10)
FN:105,(anonymous_11)
FN:106,(anonymous_12)
FNF:13
FNH:0
FNDA:0,(anonymous_0)
FNDA:0,(anonymous_1)
FNDA:0,(anonymous_2)
FNDA:0,(anonymous_3)
FNDA:0,(anonymous_4)
FNDA:0,getBlindGroupSummary
FNDA:0,(anonymous_6)
FNDA:0,(anonymous_7)
FNDA:0,getBlindGroupMembers
FNDA:0,(anonymous_9)
FNDA:0,(anonymous_10)
FNDA:0,(anonymous_11)
FNDA:0,(anonymous_12)
DA:20,0
DA:21,0
DA:22,0
DA:23,0
DA:25,0
DA:26,0
DA:27,0
DA:30,0
DA:34,0
DA:39,0
DA:47,0
DA:48,0
DA:50,0
DA:51,0
DA:57,0
DA:61,0
DA:76,0
DA:77,0
DA:78,0
DA:80,0
DA:82,0
DA:83,0
DA:85,0
DA:86,0
DA:87,0
DA:88,0
DA:92,0
DA:93,0
DA:94,0
DA:96,0
DA:100,0
DA:101,0
DA:102,0
DA:103,0
DA:104,0
DA:105,0
DA:106,0
LF:37
LH:0
BRDA:39,0,0,0
BRDA:39,0,1,0
BRDA:43,1,0,0
BRDA:43,1,1,0
BRDA:57,2,0,0
BRDA:57,2,1,0
BRDA:80,3,0,0
BRDA:80,3,1,0
BRDA:86,4,0,0
BRDA:86,4,1,0
BRDA:87,5,0,0
BRDA:87,5,1,0
BRDA:88,6,0,0
BRDA:88,6,1,0
BRDA:92,7,0,0
BRDA:92,7,1,0
BRDA:93,8,0,0
BRDA:93,8,1,0
BRDA:101,9,0,0
BRDA:101,9,1,0
BRDA:103,10,0,0
BRDA:103,10,1,0
BRF:22
BRH:0
end_of_record
TN:
SF:app\components\device.component.tsx
FN:18,(anonymous_0)
FNF:1
FNH:0
FNDA:0,(anonymous_0)
DA:18,0
DA:19,0
DA:20,0
DA:22,0
DA:23,0
DA:25,0
LF:6
LH:0
BRDA:19,0,0,0
BRDA:19,0,1,0
BRDA:22,1,0,0
BRDA:22,1,1,0
BRF:4
BRH:0
end_of_record
TN:
SF:app\components\deviceCard.component.tsx
FN:19,(anonymous_0)
FNF:1
FNH:0
FNDA:0,(anonymous_0)
DA:19,0
DA:30,0
DA:57,0
LF:3
LH:0
BRDA:23,0,0,0
BRDA:31,1,0,0
BRDA:31,1,1,0
BRDA:39,2,0,0
BRDA:39,2,1,0
BRDA:42,3,0,0
BRDA:42,3,1,0
BRDA:48,4,0,0
BRDA:48,4,1,0
BRDA:52,5,0,0
BRDA:52,5,1,0
BRF:11
BRH:0
end_of_record
TN:
SF:app\components\deviceRow.styles.ts
FNF:0
FNH:0
DA:8,0
LF:1
LH:0
BRF:0
BRH:0
end_of_record
TN:
SF:app\components\disconnectedState.component.tsx
FN:12,(anonymous_0)
FNF:1
FNH:0
FNDA:0,(anonymous_0)
DA:12,0
DA:13,0
DA:21,0
LF:3
LH:0
BRF:0
BRH:0
end_of_record
TN:
SF:app\components\favoriteCard.component.tsx
FN:25,(anonymous_0)
FN:45,(anonymous_1)
FN:58,(anonymous_2)
FN:59,(anonymous_3)
FN:60,(anonymous_4)
FN:97,(anonymous_5)
FNF:6
FNH:0
FNDA:0,(anonymous_0)
FNDA:0,(anonymous_1)
FNDA:0,(anonymous_2)
FNDA:0,(anonymous_3)
FNDA:0,(anonymous_4)
FNDA:0,(anonymous_5)
DA:25,0
DA:26,0
DA:27,0
DA:28,0
DA:30,0
DA:34,0
DA:35,0
DA:37,0
DA:38,0
DA:39,0
DA:41,0
DA:45,0
DA:47,0
DA:58,0
DA:59,0
DA:61,0
DA:62,0
DA:67,0
DA:97,0
DA:108,0
LF:20
LH:0
BRDA:30,0,0,0
BRDA:30,0,1,0
BRDA:30,0,2,0
BRDA:30,0,3,0
BRDA:37,1,0,0
BRDA:37,1,1,0
BRDA:38,2,0,0
BRDA:38,2,1,0
BRDA:39,3,0,0
BRDA:39,3,1,0
BRDA:41,4,0,0
BRDA:41,4,1,0
BRDA:47,5,0,0
BRDA:47,5,1,0
BRDA:68,6,0,0
BRDA:68,6,1,0
BRDA:77,7,0,0
BRDA:77,7,1,0
BRDA:78,8,0,0
BRDA:78,8,1,0
BRDA:81,9,0,0
BRDA:81,9,1,0
BRDA:82,10,0,0
BRDA:82,10,1,0
BRDA:99,11,0,0
BRDA:99,11,1,0
BRDA:99,12,0,0
BRDA:99,12,1,0
BRDA:100,13,0,0
BRDA:100,13,1,0
BRF:30
BRH:0
end_of_record
TN:
SF:app\components\lightDevice.component.tsx
FN:20,(anonymous_0)
FN:36,(anonymous_1)
FN:48,(anonymous_2)
FN:49,(anonymous_3)
FN:50,(anonymous_4)
FN:77,getLightGroupSummary
FN:79,(anonymous_6)
FN:85,(anonymous_7)
FN:100,getLightGroupMembers
FN:101,(anonymous_9)
FN:106,(anonymous_10)
FN:106,(anonymous_11)
FN:107,(anonymous_12)
FNF:13
FNH:0
FNDA:0,(anonymous_0)
FNDA:0,(anonymous_1)
FNDA:0,(anonymous_2)
FNDA:0,(anonymous_3)
FNDA:0,(anonymous_4)
FNDA:0,getLightGroupSummary
FNDA:0,(anonymous_6)
FNDA:0,(anonymous_7)
FNDA:0,getLightGroupMembers
FNDA:0,(anonymous_9)
FNDA:0,(anonymous_10)
FNDA:0,(anonymous_11)
FNDA:0,(anonymous_12)
DA:20,0
DA:21,0
DA:22,0
DA:23,0
DA:25,0
DA:26,0
DA:27,0
DA:32,0
DA:36,0
DA:42,0
DA:48,0
DA:49,0
DA:51,0
DA:52,0
DA:57,0
DA:59,0
DA:63,0
DA:78,0
DA:79,0
DA:80,0
DA:82,0
DA:84,0
DA:85,0
DA:87,0
DA:88,0
DA:89,0
DA:90,0
DA:94,0
DA:95,0
DA:97,0
DA:101,0
DA:102,0
DA:103,0
DA:104,0
DA:105,0
DA:106,0
DA:107,0
LF:37
LH:0
BRDA:27,0,0,0
BRDA:27,0,1,0
BRDA:44,1,0,0
BRDA:44,1,1,0
BRDA:57,2,0,0
BRDA:57,2,1,0
BRDA:59,3,0,0
BRDA:59,3,1,0
BRDA:82,4,0,0
BRDA:82,4,1,0
BRDA:88,5,0,0
BRDA:88,5,1,0
BRDA:89,6,0,0
BRDA:89,6,1,0
BRDA:90,7,0,0
BRDA:90,7,1,0
BRDA:94,8,0,0
BRDA:94,8,1,0
BRDA:102,9,0,0
BRDA:102,9,1,0
BRDA:104,10,0,0
BRDA:104,10,1,0
BRF:22
BRH:0
end_of_record
TN:
SF:app\components\paramList.component.tsx
FN:20,getParametreDisplayName
FN:32,normalizeLevelName
FN:36,getParametreDisplayLabel
FN:56,(anonymous_3)
FN:72,(anonymous_4)
FN:79,(anonymous_5)
FNF:6
FNH:0
FNDA:0,getParametreDisplayName
FNDA:0,normalizeLevelName
FNDA:0,getParametreDisplayLabel
FNDA:0,(anonymous_3)
FNDA:0,(anonymous_4)
FNDA:0,(anonymous_5)
DA:21,0
DA:22,0
DA:33,0
DA:37,0
DA:38,0
DA:39,0
DA:40,0
DA:42,0
DA:43,0
DA:44,0
DA:46,0
DA:47,0
DA:49,0
DA:56,0
DA:58,0
DA:59,0
DA:73,0
DA:74,0
DA:75,0
DA:79,0
DA:103,0
DA:123,0
LF:22
LH:0
BRDA:21,0,0,0
BRDA:21,0,1,0
BRDA:38,1,0,0
BRDA:38,1,1,0
BRDA:39,2,0,0
BRDA:39,2,1,0
BRDA:40,3,0,0
BRDA:40,3,1,0
BRDA:42,4,0,0
BRDA:42,4,1,0
BRDA:43,5,0,0
BRDA:43,5,1,0
BRDA:44,6,0,0
BRDA:44,6,1,0
BRDA:46,7,0,0
BRDA:46,7,1,0
BRDA:47,8,0,0
BRDA:47,8,1,0
BRDA:70,9,0,0
BRDA:70,9,1,0
BRDA:78,10,0,0
BRDA:78,10,1,0
BRDA:84,11,0,0
BRDA:84,11,1,0
BRDA:93,12,0,0
BRDA:93,12,1,0
BRF:26
BRH:0
end_of_record
TN:
SF:app\components\primaryIconAction.component.tsx
FN:17,(anonymous_0)
FN:32,(anonymous_1)
FNF:2
FNH:0
FNDA:0,(anonymous_0)
FNDA:0,(anonymous_1)
DA:17,0
DA:24,0
DA:32,0
DA:43,0
LF:4
LH:0
BRDA:22,0,0,0
BRDA:34,1,0,0
BRDA:34,1,1,0
BRDA:35,2,0,0
BRDA:35,2,1,0
BRDA:35,3,0,0
BRDA:35,3,1,0
BRDA:36,4,0,0
BRDA:36,4,1,0
BRF:9
BRH:0
end_of_record
TN:
SF:app\components\temperature.component.tsx
FN:17,(anonymous_0)
FNF:1
FNH:0
FNDA:0,(anonymous_0)
DA:17,0
DA:19,0
DA:21,0
DA:25,0
DA:34,0
DA:36,0
DA:52,0
LF:7
LH:0
BRDA:19,0,0,0
BRDA:19,0,1,0
BRDA:19,0,2,0
BRDA:21,1,0,0
BRDA:21,1,1,0
BRDA:25,2,0,0
BRDA:25,2,1,0
BRDA:34,3,0,0
BRDA:34,3,1,0
BRDA:37,4,0,0
BRDA:37,4,1,0
BRDA:39,5,0,0
BRDA:39,5,1,0
BRF:13
BRH:0
end_of_record
TN:
SF:app\components\thermostat.component.tsx
FN:25,polarToXY
FN:31,describeArc
FN:44,touchToTemp
FN:71,(anonymous_3)
FN:77,(anonymous_4)
FN:79,(anonymous_5)
FN:87,(anonymous_6)
FN:98,(anonymous_7)
FN:104,(anonymous_8)
FN:110,(anonymous_9)
FNF:10
FNH:0
FNDA:0,polarToXY
FNDA:0,describeArc
FNDA:0,touchToTemp
FNDA:0,(anonymous_3)
FNDA:0,(anonymous_4)
FNDA:0,(anonymous_5)
FNDA:0,(anonymous_6)
FNDA:0,(anonymous_7)
FNDA:0,(anonymous_8)
FNDA:0,(anonymous_9)
DA:13,0
DA:14,0
DA:15,0
DA:16,0
DA:17,0
DA:18,0
DA:20,0
DA:22,0
DA:26,0
DA:27,0
DA:32,0
DA:33,0
DA:34,0
DA:35,0
DA:36,0
DA:37,0
DA:45,0
DA:46,0
DA:47,0
DA:48,0
DA:50,0
DA:51,0
DA:52,0
DA:55,0
DA:56,0
DA:71,0
DA:72,0
DA:74,0
DA:75,0
DA:77,0
DA:79,0
DA:80,0
DA:81,0
DA:82,0
DA:83,0
DA:84,0
DA:87,0
DA:88,0
DA:89,0
DA:90,0
DA:91,0
DA:92,0
DA:96,0
DA:99,0
DA:100,0
DA:101,0
DA:102,0
DA:105,0
DA:106,0
DA:107,0
DA:108,0
DA:111,0
DA:112,0
DA:116,0
DA:117,0
DA:118,0
DA:119,0
DA:120,0
DA:122,0
DA:123,0
DA:126,0
DA:127,0
DA:128,0
DA:129,0
DA:133,0
DA:215,0
LF:66
LH:0
BRDA:32,0,0,0
BRDA:32,0,1,0
BRDA:33,1,0,0
BRDA:33,1,1,0
BRDA:36,2,0,0
BRDA:36,2,1,0
BRDA:51,3,0,0
BRDA:51,3,1,0
BRDA:52,4,0,0
BRDA:52,4,1,0
BRDA:80,5,0,0
BRDA:80,5,1,0
BRDA:88,6,0,0
BRDA:88,6,1,0
BRDA:99,7,0,0
BRDA:99,7,1,0
BRDA:105,8,0,0
BRDA:105,8,1,0
BRDA:111,9,0,0
BRDA:111,9,1,0
BRDA:117,10,0,0
BRDA:117,10,1,0
BRDA:123,11,0,0
BRDA:123,11,1,0
BRDA:126,12,0,0
BRDA:126,12,1,0
BRDA:128,13,0,0
BRDA:128,13,1,0
BRDA:129,14,0,0
BRDA:129,14,1,0
BRDA:138,15,0,0
BRDA:138,15,1,0
BRDA:155,16,0,0
BRDA:155,16,1,0
BRDA:173,17,0,0
BRDA:173,17,1,0
BRDA:203,18,0,0
BRDA:203,18,1,0
BRF:38
BRH:0
end_of_record
TN:
SF:app\controllers\devices.controller.tsx
FN:18,loadDomoticzDevices
FN:23,(anonymous_1)
FN:25,(anonymous_2)
FN:47,(anonymous_3)
FN:49,(anonymous_4)
FN:50,(anonymous_5)
FN:53,(anonymous_6)
FN:55,(anonymous_7)
FN:56,(anonymous_8)
FN:62,(anonymous_9)
FN:64,(anonymous_10)
FN:75,evaluateDeviceName
FN:86,evaluateDeviceLevel
FN:98,onClickDeviceIcon
FN:119,updateDeviceLevel
FN:133,(anonymous_15)
FN:134,(anonymous_16)
FN:136,(anonymous_17)
FN:150,updateDeviceState
FN:160,(anonymous_19)
FN:161,(anonymous_20)
FN:163,(anonymous_21)
FN:174,refreshEquipementState
FN:177,(anonymous_23)
FN:186,addActionForFavorite
FN:190,(anonymous_25)
FN:191,(anonymous_26)
FN:202,(anonymous_27)
FN:203,(anonymous_28)
FN:214,getLevel
FN:225,isDeviceOn
FN:237,overrideNextValue
FN:250,getEditingLabel
FN:262,getBlindLabel
FN:275,getBlindGroupLabel
FN:288,getLightsGroupLabel
FN:301,getSingleLightLabel
FN:326,getDefaultLabel
FN:346,getStatusLabel
FNF:39
FNH:0
FNDA:0,loadDomoticzDevices
FNDA:0,(anonymous_1)
FNDA:0,(anonymous_2)
FNDA:0,(anonymous_3)
FNDA:0,(anonymous_4)
FNDA:0,(anonymous_5)
FNDA:0,(anonymous_6)
FNDA:0,(anonymous_7)
FNDA:0,(anonymous_8)
FNDA:0,(anonymous_9)
FNDA:0,(anonymous_10)
FNDA:0,evaluateDeviceName
FNDA:0,evaluateDeviceLevel
FNDA:0,onClickDeviceIcon
FNDA:0,updateDeviceLevel
FNDA:0,(anonymous_15)
FNDA:0,(anonymous_16)
FNDA:0,(anonymous_17)
FNDA:0,updateDeviceState
FNDA:0,(anonymous_19)
FNDA:0,(anonymous_20)
FNDA:0,(anonymous_21)
FNDA:0,refreshEquipementState
FNDA:0,(anonymous_23)
FNDA:0,addActionForFavorite
FNDA:0,(anonymous_25)
FNDA:0,(anonymous_26)
FNDA:0,(anonymous_27)
FNDA:0,(anonymous_28)
FNDA:0,getLevel
FNDA:0,isDeviceOn
FNDA:0,overrideNextValue
FNDA:0,getEditingLabel
FNDA:0,getBlindLabel
FNDA:0,getBlindGroupLabel
FNDA:0,getLightsGroupLabel
FNDA:0,getSingleLightLabel
FNDA:0,getDefaultLabel
FNDA:0,getStatusLabel
DA:19,0
DA:22,0
DA:24,0
DA:27,0
DA:43,0
DA:46,0
DA:47,0
DA:49,0
DA:50,0
DA:52,0
DA:53,0
DA:55,0
DA:56,0
DA:58,0
DA:60,0
DA:64,0
DA:65,0
DA:76,0
DA:87,0
DA:88,0
DA:89,0
DA:90,0
DA:99,0
DA:100,0
DA:101,0
DA:105,0
DA:106,0
DA:120,0
DA:122,0
DA:123,0
DA:124,0
DA:127,0
DA:129,0
DA:132,0
DA:134,0
DA:137,0
DA:138,0
DA:151,0
DA:153,0
DA:155,0
DA:159,0
DA:161,0
DA:164,0
DA:165,0
DA:176,0
DA:177,0
DA:187,0
DA:189,0
DA:191,0
DA:192,0
DA:193,0
DA:194,0
DA:196,0
DA:197,0
DA:199,0
DA:203,0
DA:215,0
DA:226,0
DA:227,0
DA:229,0
DA:238,0
DA:239,0
DA:241,0
DA:242,0
DA:244,0
DA:251,0
DA:252,0
DA:253,0
DA:254,0
DA:255,0
DA:263,0
DA:264,0
DA:265,0
DA:266,0
DA:267,0
DA:276,0
DA:278,0
DA:279,0
DA:280,0
DA:281,0
DA:282,0
DA:289,0
DA:290,0
DA:291,0
DA:292,0
DA:293,0
DA:294,0
DA:302,0
DA:303,0
DA:304,0
DA:307,0
DA:308,0
DA:309,0
DA:311,0
DA:312,0
DA:313,0
DA:315,0
DA:316,0
DA:317,0
DA:319,0
DA:320,0
DA:327,0
DA:328,0
DA:329,0
DA:331,0
DA:332,0
DA:333,0
DA:335,0
DA:336,0
DA:337,0
DA:339,0
DA:340,0
DA:348,0
DA:349,0
DA:353,0
DA:354,0
DA:358,0
DA:359,0
DA:362,0
DA:363,0
DA:367,0
LF:121
LH:0
BRDA:88,0,0,0
BRDA:88,0,1,0
BRDA:89,1,0,0
BRDA:89,1,1,0
BRDA:99,2,0,0
BRDA:99,2,1,0
BRDA:100,3,0,0
BRDA:100,3,1,0
BRDA:105,4,0,0
BRDA:105,4,1,0
BRDA:123,5,0,0
BRDA:123,5,1,0
BRDA:153,6,0,0
BRDA:153,6,1,0
BRDA:157,7,0,0
BRDA:157,7,1,0
BRDA:192,8,0,0
BRDA:192,8,1,0
BRDA:215,9,0,0
BRDA:215,9,1,0
BRDA:226,10,0,0
BRDA:226,10,1,0
BRDA:229,11,0,0
BRDA:229,11,1,0
BRDA:238,12,0,0
BRDA:238,12,1,0
BRDA:241,13,0,0
BRDA:241,13,1,0
BRDA:252,14,0,0
BRDA:252,14,1,0
BRDA:264,15,0,0
BRDA:264,15,1,0
BRDA:265,16,0,0
BRDA:265,16,1,0
BRDA:266,17,0,0
BRDA:266,17,1,0
BRDA:278,18,0,0
BRDA:278,18,1,0
BRDA:278,19,0,0
BRDA:278,19,1,0
BRDA:279,20,0,0
BRDA:279,20,1,0
BRDA:279,21,0,0
BRDA:279,21,1,0
BRDA:280,22,0,0
BRDA:280,22,1,0
BRDA:290,23,0,0
BRDA:290,23,1,0
BRDA:290,24,0,0
BRDA:290,24,1,0
BRDA:291,25,0,0
BRDA:291,25,1,0
BRDA:291,26,0,0
BRDA:291,26,1,0
BRDA:292,27,0,0
BRDA:292,27,1,0
BRDA:302,28,0,0
BRDA:302,28,1,0
BRDA:304,29,0,0
BRDA:304,29,1,0
BRDA:307,30,0,0
BRDA:307,30,1,0
BRDA:311,31,0,0
BRDA:311,31,1,0
BRDA:315,32,0,0
BRDA:315,32,1,0
BRDA:327,33,0,0
BRDA:327,33,1,0
BRDA:331,34,0,0
BRDA:331,34,1,0
BRDA:335,35,0,0
BRDA:335,35,1,0
BRDA:348,36,0,0
BRDA:348,36,1,0
BRDA:353,37,0,0
BRDA:353,37,1,0
BRDA:358,38,0,0
BRDA:358,38,1,0
BRDA:359,39,0,0
BRDA:359,39,1,0
BRDA:362,40,0,0
BRDA:362,40,1,0
BRDA:363,41,0,0
BRDA:363,41,1,0
BRF:84
BRH:0
end_of_record
TN:
SF:app\controllers\index.controller.tsx
FN:22,connectToDomoticz
FN:28,(anonymous_1)
FN:37,(anonymous_2)
FN:41,(anonymous_3)
FN:45,(anonymous_4)
FNF:5
FNH:0
FNDA:0,connectToDomoticz
FNDA:0,(anonymous_1)
FNDA:0,(anonymous_2)
FNDA:0,(anonymous_3)
FNDA:0,(anonymous_4)
DA:23,0
DA:25,0
DA:27,0
DA:30,0
DA:35,0
DA:38,0
DA:39,0
DA:42,0
DA:43,0
DA:45,0
LF:10
LH:0
BRF:0
BRH:0
end_of_record
TN:
SF:app\controllers\parameters.controller.tsx
FN:17,loadDomoticzParameters
FN:22,(anonymous_1)
FN:24,(anonymous_2)
FN:25,(anonymous_3)
FN:41,(anonymous_4)
FN:42,(anonymous_5)
FN:54,updateParameterValue
FN:63,(anonymous_7)
FN:64,(anonymous_8)
FN:66,(anonymous_9)
FN:75,refreshEquipementState
FN:78,(anonymous_11)
FN:84,handleResetFavorites
FN:93,(anonymous_13)
FNF:14
FNH:0
FNDA:0,loadDomoticzParameters
FNDA:0,(anonymous_1)
FNDA:0,(anonymous_2)
FNDA:0,(anonymous_3)
FNDA:0,(anonymous_4)
FNDA:0,(anonymous_5)
FNDA:0,updateParameterValue
FNDA:0,(anonymous_7)
FNDA:0,(anonymous_8)
FNDA:0,(anonymous_9)
FNDA:0,refreshEquipementState
FNDA:0,(anonymous_11)
FNDA:0,handleResetFavorites
FNDA:0,(anonymous_13)
DA:18,0
DA:21,0
DA:23,0
DA:24,0
DA:26,0
DA:37,0
DA:39,0
DA:42,0
DA:43,0
DA:55,0
DA:57,0
DA:59,0
DA:62,0
DA:64,0
DA:67,0
DA:77,0
DA:78,0
DA:85,0
DA:93,0
LF:19
LH:0
BRDA:24,0,0,0
BRDA:24,0,1,0
BRDA:34,1,0,0
BRDA:34,1,1,0
BRF:4
BRH:0
end_of_record
TN:
SF:app\controllers\temperatures.controller.tsx
FN:12,loadDomoticzTemperatures
FN:17,(anonymous_1)
FN:19,(anonymous_2)
FN:35,(anonymous_3)
FN:36,(anonymous_4)
FN:39,(anonymous_5)
FN:40,(anonymous_6)
FN:51,filterTemperatureDeviceByType
FN:62,sortTemperatureDevices
FNF:9
FNH:0
FNDA:0,loadDomoticzTemperatures
FNDA:0,(anonymous_1)
FNDA:0,(anonymous_2)
FNDA:0,(anonymous_3)
FNDA:0,(anonymous_4)
FNDA:0,(anonymous_5)
FNDA:0,(anonymous_6)
FNDA:0,filterTemperatureDeviceByType
FNDA:0,sortTemperatureDevices
DA:13,0
DA:16,0
DA:18,0
DA:20,0
DA:35,0
DA:36,0
DA:40,0
DA:52,0
DA:63,0
DA:64,0
DA:65,0
DA:66,0
LF:12
LH:0
BRDA:63,0,0,0
BRDA:63,0,1,0
BRDA:63,1,0,0
BRDA:63,1,1,0
BRDA:64,2,0,0
BRDA:64,2,1,0
BRDA:65,3,0,0
BRDA:65,3,1,0
BRF:8
BRH:0
end_of_record
TN:
SF:app\controllers\thermostats.controller.tsx
FN:18,loadDomoticzThermostats
FN:23,(anonymous_1)
FN:25,(anonymous_2)
FN:26,(anonymous_3)
FN:45,(anonymous_4)
FN:46,(anonymous_5)
FN:56,evaluateDeviceName
FN:66,evaluateThermostatPoint
FN:82,updateThermostatPoint
FN:92,(anonymous_9)
FN:93,(anonymous_10)
FN:95,(anonymous_11)
FN:106,refreshEquipementState
FN:109,(anonymous_13)
FNF:14
FNH:0
FNDA:0,loadDomoticzThermostats
FNDA:0,(anonymous_1)
FNDA:0,(anonymous_2)
FNDA:0,(anonymous_3)
FNDA:0,(anonymous_4)
FNDA:0,(anonymous_5)
FNDA:0,evaluateDeviceName
FNDA:0,evaluateThermostatPoint
FNDA:0,updateThermostatPoint
FNDA:0,(anonymous_9)
FNDA:0,(anonymous_10)
FNDA:0,(anonymous_11)
FNDA:0,refreshEquipementState
FNDA:0,(anonymous_13)
DA:19,0
DA:22,0
DA:24,0
DA:25,0
DA:28,0
DA:40,0
DA:43,0
DA:46,0
DA:47,0
DA:57,0
DA:67,0
DA:68,0
DA:69,0
DA:70,0
DA:83,0
DA:85,0
DA:86,0
DA:88,0
DA:91,0
DA:93,0
DA:96,0
DA:97,0
DA:108,0
DA:109,0
LF:24
LH:0
BRDA:68,0,0,0
BRDA:68,0,1,0
BRDA:69,1,0,0
BRDA:69,1,1,0
BRF:4
BRH:0
end_of_record
TN:
SF:app\enums\APIconstants.ts
FNF:0
FNH:0
DA:6,0
DA:7,0
DA:13,0
LF:3
LH:0
BRDA:6,0,0,0
BRDA:6,0,1,0
BRDA:7,1,0,0
BRDA:7,1,1,0
BRF:4
BRH:0
end_of_record
TN:
SF:app\enums\Colors.ts
FN:107,getGroupColor
FNF:1
FNH:0
FNDA:0,getGroupColor
DA:3,0
DA:10,0
DA:108,0
DA:109,0
DA:110,0
DA:111,0
DA:112,0
DA:113,0
DA:114,0
DA:115,0
DA:118,0
LF:11
LH:0
BRDA:3,0,0,0
BRDA:3,0,1,0
BRDA:100,1,0,0
BRDA:100,1,1,0
BRDA:108,2,0,0
BRDA:108,2,1,0
BRDA:109,3,0,0
BRDA:109,3,1,0
BRDA:109,3,2,0
BRDA:109,3,3,0
BRDA:109,3,4,0
BRDA:109,3,5,0
BRF:12
BRH:0
end_of_record
TN:
SF:app\enums\DomoticzEnum.ts
FNF:0
FNH:0
DA:81,4
DA:87,4
DA:97,4
DA:115,4
LF:4
LH:4
BRF:0
BRH:0
end_of_record
TN:
SF:app\enums\TabsEnums.ts
FNF:0
FNH:0
LF:0
LH:0
BRF:0
BRH:0
end_of_record
TN:
SF:app\models\domoticzConfig.model.ts
FN:18,(anonymous_0)
FN:28,(anonymous_1)
FN:36,(anonymous_2)
FNF:3
FNH:3
FNDA:19,(anonymous_0)
FNDA:10,(anonymous_1)
FNDA:11,(anonymous_2)
DA:19,19
DA:20,19
DA:21,19
DA:29,10
DA:37,11
LF:5
LH:5
BRF:0
BRH:0
end_of_record
TN:
SF:app\models\domoticzDevice.model.ts
FN:57,(anonymous_0)
FN:77,(anonymous_1)
FN:84,(anonymous_2)
FN:91,(anonymous_3)
FN:98,(anonymous_4)
FN:105,(anonymous_5)
FN:112,(anonymous_6)
FN:119,(anonymous_7)
FN:126,(anonymous_8)
FN:134,(anonymous_9)
FN:142,(anonymous_10)
FNF:11
FNH:11
FNDA:22,(anonymous_0)
FNDA:2,(anonymous_1)
FNDA:1,(anonymous_2)
FNDA:4,(anonymous_3)
FNDA:1,(anonymous_4)
FNDA:2,(anonymous_5)
FNDA:1,(anonymous_6)
FNDA:3,(anonymous_7)
FNDA:1,(anonymous_8)
FNDA:3,(anonymous_9)
FNDA:8,(anonymous_10)
DA:14,22
DA:18,22
DA:22,22
DA:26,22
DA:28,22
DA:58,22
DA:59,2
DA:61,20
DA:62,20
DA:63,20
DA:64,20
DA:65,20
DA:66,20
DA:67,20
DA:68,20
DA:69,20
DA:70,20
DA:71,20
DA:78,2
DA:85,1
DA:92,4
DA:99,1
DA:106,2
DA:113,1
DA:120,3
DA:127,1
DA:135,3
DA:143,8
DA:144,2
DA:146,6
LF:30
LH:30
BRDA:57,0,0,0
BRDA:58,1,0,2
BRDA:58,1,1,20
BRDA:143,2,0,2
BRDA:143,2,1,6
BRDA:144,3,0,2
BRDA:144,3,1,2
BRF:7
BRH:6
end_of_record
TN:
SF:app\models\domoticzFavorites.model.ts
FN:34,(anonymous_0)
FN:48,(anonymous_1)
FN:55,(anonymous_2)
FN:62,(anonymous_3)
FN:70,(anonymous_4)
FNF:5
FNH:5
FNDA:19,(anonymous_0)
FNDA:3,(anonymous_1)
FNDA:2,(anonymous_2)
FNDA:8,(anonymous_3)
FNDA:4,(anonymous_4)
DA:35,19
DA:36,2
DA:38,17
DA:39,17
DA:40,17
DA:41,17
DA:42,17
DA:49,3
DA:56,2
DA:63,8
DA:71,4
LF:11
LH:11
BRDA:35,0,0,2
BRDA:35,0,1,17
BRDA:71,1,0,1
BRDA:71,1,1,3
BRF:4
BRH:4
end_of_record
TN:
SF:app\models\domoticzParameter.model.ts
FN:44,(anonymous_0)
FN:61,(anonymous_1)
FN:68,(anonymous_2)
FN:75,(anonymous_3)
FN:82,(anonymous_4)
FN:92,(anonymous_5)
FNF:6
FNH:6
FNDA:25,(anonymous_0)
FNDA:5,(anonymous_1)
FNDA:2,(anonymous_2)
FNDA:3,(anonymous_3)
FNDA:1,(anonymous_4)
FNDA:11,(anonymous_5)
DA:22,25
DA:45,25
DA:46,2
DA:48,23
DA:49,23
DA:50,23
DA:51,23
DA:52,23
DA:53,23
DA:54,23
DA:55,23
DA:62,5
DA:69,2
DA:76,3
DA:83,1
DA:93,11
DA:94,5
DA:96,6
LF:18
LH:18
BRDA:45,0,0,2
BRDA:45,0,1,23
BRDA:93,1,0,5
BRDA:93,1,1,6
BRDA:93,2,0,11
BRDA:93,2,1,11
BRF:6
BRH:6
end_of_record
TN:
SF:app\models\domoticzTemperature.model.ts
FN:50,(anonymous_0)
FN:68,(anonymous_1)
FN:77,(anonymous_2)
FN:85,(anonymous_3)
FNF:4
FNH:4
FNDA:33,(anonymous_0)
FNDA:14,(anonymous_1)
FNDA:4,(anonymous_2)
FNDA:5,(anonymous_3)
DA:18,33
DA:51,33
DA:52,33
DA:53,33
DA:54,33
DA:55,33
DA:56,33
DA:57,33
DA:58,33
DA:59,33
DA:60,33
DA:61,33
DA:69,14
DA:70,14
DA:78,4
DA:86,5
DA:87,3
DA:89,2
LF:18
LH:18
BRDA:86,0,0,3
BRDA:86,0,1,2
BRF:2
BRH:2
end_of_record
TN:
SF:app\models\domoticzThermostat.model.ts
FN:36,(anonymous_0)
FN:54,(anonymous_1)
FN:61,(anonymous_2)
FN:68,(anonymous_3)
FN:75,(anonymous_4)
FN:82,(anonymous_5)
FN:89,(anonymous_6)
FN:99,(anonymous_7)
FN:109,(anonymous_8)
FN:117,(anonymous_9)
FN:129,(anonymous_10)
FNF:11
FNH:11
FNDA:35,(anonymous_0)
FNDA:2,(anonymous_1)
FNDA:1,(anonymous_2)
FNDA:3,(anonymous_3)
FNDA:1,(anonymous_4)
FNDA:2,(anonymous_5)
FNDA:1,(anonymous_6)
FNDA:7,(anonymous_7)
FNDA:8,(anonymous_8)
FNDA:10,(anonymous_9)
FNDA:17,(anonymous_10)
DA:18,35
DA:24,35
DA:37,35
DA:38,2
DA:40,33
DA:41,33
DA:42,33
DA:43,33
DA:44,33
DA:45,33
DA:46,33
DA:47,33
DA:48,33
DA:55,2
DA:62,1
DA:69,3
DA:76,1
DA:83,2
DA:90,1
DA:100,7
DA:101,7
DA:102,5
DA:110,8
DA:118,10
DA:119,10
DA:120,7
DA:130,17
DA:131,14
DA:132,14
DA:133,14
DA:134,12
DA:139,2
LF:32
LH:32
BRDA:37,0,0,2
BRDA:37,0,1,33
BRDA:101,1,0,2
BRDA:101,1,1,5
BRDA:110,2,0,8
BRDA:110,2,1,1
BRDA:119,3,0,3
BRDA:119,3,1,7
BRDA:120,4,0,7
BRDA:120,4,1,1
BRDA:130,5,0,3
BRDA:130,5,1,14
BRDA:133,6,0,12
BRDA:133,6,1,2
BRF:14
BRH:14
end_of_record
TN:
SF:app\services\ClientHTTP.service.ts
FN:18,evaluateURL
FN:21,(anonymous_1)
FN:32,startWatch
FN:42,stopWatch
FN:54,runSSLDiagnostic
FN:56,(anonymous_5)
FN:62,(anonymous_6)
FN:67,(anonymous_7)
FN:68,(anonymous_8)
FN:80,callDomoticz
FN:97,(anonymous_10)
FN:107,(anonymous_11)
FN:114,(anonymous_12)
FNF:13
FNH:0
FNDA:0,evaluateURL
FNDA:0,(anonymous_1)
FNDA:0,startWatch
FNDA:0,stopWatch
FNDA:0,runSSLDiagnostic
FNDA:0,(anonymous_5)
FNDA:0,(anonymous_6)
FNDA:0,(anonymous_7)
FNDA:0,(anonymous_8)
FNDA:0,callDomoticz
FNDA:0,(anonymous_10)
FNDA:0,(anonymous_11)
FNDA:0,(anonymous_12)
DA:9,0
DA:19,0
DA:20,0
DA:21,0
DA:22,0
DA:25,0
DA:33,0
DA:43,0
DA:44,0
DA:45,0
DA:55,0
DA:57,0
DA:58,0
DA:59,0
DA:60,0
DA:63,0
DA:64,0
DA:65,0
DA:66,0
DA:67,0
DA:68,0
DA:82,0
DA:84,0
DA:85,0
DA:87,0
DA:89,0
DA:99,0
DA:100,0
DA:101,0
DA:104,0
DA:109,0
DA:110,0
DA:112,0
DA:115,0
DA:116,0
DA:121,0
DA:122,0
DA:123,0
DA:125,0
DA:129,0
DA:137,0
LF:41
LH:0
BRDA:20,0,0,0
BRDA:20,0,1,0
BRDA:20,1,0,0
BRDA:20,1,1,0
BRDA:20,1,2,0
BRDA:44,2,0,0
BRDA:44,2,1,0
BRDA:44,3,0,0
BRDA:44,3,1,0
BRDA:64,4,0,0
BRDA:64,4,1,0
BRDA:100,5,0,0
BRDA:100,5,1,0
BRDA:100,6,0,0
BRDA:100,6,1,0
BRDA:109,7,0,0
BRDA:109,7,1,0
BRDA:116,8,0,0
BRDA:116,8,1,0
BRDA:116,8,2,0
BRDA:116,8,3,0
BRDA:116,8,4,0
BRDA:116,8,5,0
BRDA:121,9,0,0
BRDA:121,9,1,0
BRF:25
BRH:0
end_of_record
TN:
SF:app\services\DataUtils.service.ts
FN:13,sortEquipements
FN:14,(anonymous_1)
FN:35,sortFavorites
FN:52,getDeviceType
FN:81,evaluateGroupLevelConsistency
FN:86,(anonymous_5)
FN:93,(anonymous_6)
FN:94,(anonymous_7)
FN:103,(anonymous_8)
FN:104,(anonymous_9)
FN:116,(anonymous_10)
FN:135,(anonymous_11)
FN:143,(anonymous_12)
FN:150,(anonymous_13)
FN:159,(anonymous_14)
FN:160,(anonymous_15)
FN:170,(anonymous_16)
FN:178,(anonymous_17)
FNF:18
FNH:0
FNDA:0,sortEquipements
FNDA:0,(anonymous_1)
FNDA:0,sortFavorites
FNDA:0,getDeviceType
FNDA:0,evaluateGroupLevelConsistency
FNDA:0,(anonymous_5)
FNDA:0,(anonymous_6)
FNDA:0,(anonymous_7)
FNDA:0,(anonymous_8)
FNDA:0,(anonymous_9)
FNDA:0,(anonymous_10)
FNDA:0,(anonymous_11)
FNDA:0,(anonymous_12)
FNDA:0,(anonymous_13)
FNDA:0,(anonymous_14)
FNDA:0,(anonymous_15)
FNDA:0,(anonymous_16)
FNDA:0,(anonymous_17)
DA:14,0
DA:15,0
DA:16,0
DA:18,0
DA:19,0
DA:22,0
DA:37,0
DA:38,0
DA:41,0
DA:53,0
DA:54,0
DA:56,0
DA:58,0
DA:60,0
DA:61,0
DA:63,0
DA:64,0
DA:66,0
DA:67,0
DA:70,0
DA:83,0
DA:86,0
DA:87,0
DA:88,0
DA:93,0
DA:94,0
DA:95,0
DA:97,0
DA:103,0
DA:104,0
DA:106,0
DA:108,0
DA:110,0
DA:111,0
DA:114,0
DA:116,0
DA:117,0
DA:135,0
DA:136,0
DA:143,0
DA:144,0
DA:150,0
DA:151,0
DA:159,0
DA:160,0
DA:161,0
DA:170,0
DA:171,0
DA:178,0
DA:179,0
LF:50
LH:0
BRDA:15,0,0,0
BRDA:15,0,1,0
BRDA:18,1,0,0
BRDA:18,1,1,0
BRDA:37,2,0,0
BRDA:37,2,1,0
BRDA:38,3,0,0
BRDA:38,3,1,0
BRDA:41,4,0,0
BRDA:41,4,1,0
BRDA:53,5,0,0
BRDA:53,5,1,0
BRDA:56,6,0,0
BRDA:56,6,1,0
BRDA:56,7,0,0
BRDA:56,7,1,0
BRDA:60,8,0,0
BRDA:60,8,1,0
BRDA:63,9,0,0
BRDA:63,9,1,0
BRDA:66,10,0,0
BRDA:66,10,1,0
BRDA:66,11,0,0
BRDA:66,11,1,0
BRDA:83,12,0,0
BRDA:83,12,1,0
BRDA:87,13,0,0
BRDA:87,13,1,0
BRDA:95,14,0,0
BRDA:95,14,1,0
BRDA:97,15,0,0
BRDA:97,15,1,0
BRDA:103,16,0,0
BRDA:103,16,1,0
BRDA:103,17,0,0
BRDA:103,17,1,0
BRDA:108,18,0,0
BRDA:108,18,1,0
BRDA:111,19,0,0
BRDA:111,19,1,0
BRDA:117,20,0,0
BRDA:117,20,1,0
BRDA:161,21,0,0
BRDA:161,21,1,0
BRF:44
BRH:0
end_of_record
TN:
SF:app\services\DomoticzContextProvider.tsx
FN:40,DomoticzContextProvider
FN:46,(anonymous_1)
FNF:2
FNH:0
FNDA:0,DomoticzContextProvider
FNDA:0,(anonymous_1)
DA:32,0
DA:41,0
DA:42,0
DA:43,0
DA:44,0
DA:45,0
DA:46,0
DA:65,0
LF:8
LH:0
BRF:0
BRH:0
end_of_record
TN:
SF:app\services\ErrorHandler.service.ts
FN:19,(anonymous_0)
FN:38,mapErrorToUserMessage
FN:72,classifyError
FN:136,handleError
FN:192,generateTraceId
FNF:5
FNH:0
FNDA:0,(anonymous_0)
FNDA:0,mapErrorToUserMessage
FNDA:0,classifyError
FNDA:0,handleError
FNDA:0,generateTraceId
DA:26,0
DA:27,0
DA:28,0
DA:39,0
DA:41,0
DA:42,0
DA:44,0
DA:47,0
DA:48,0
DA:50,0
DA:51,0
DA:53,0
DA:54,0
DA:56,0
DA:59,0
DA:63,0
DA:73,0
DA:74,0
DA:77,0
DA:80,0
DA:92,0
DA:97,0
DA:98,0
DA:102,0
DA:103,0
DA:107,0
DA:108,0
DA:111,0
DA:143,0
DA:146,0
DA:147,0
DA:148,0
DA:149,0
DA:150,0
DA:151,0
DA:152,0
DA:156,0
DA:159,0
DA:162,0
DA:168,0
DA:169,0
DA:173,0
DA:181,0
DA:193,0
LF:44
LH:0
BRDA:39,0,0,0
BRDA:39,0,1,0
BRDA:39,0,2,0
BRDA:39,0,3,0
BRDA:39,0,4,0
BRDA:41,1,0,0
BRDA:41,1,1,0
BRDA:41,2,0,0
BRDA:41,2,1,0
BRDA:47,3,0,0
BRDA:47,3,1,0
BRDA:47,4,0,0
BRDA:47,4,1,0
BRDA:50,5,0,0
BRDA:50,5,1,0
BRDA:53,6,0,0
BRDA:53,6,1,0
BRDA:73,7,0,0
BRDA:73,7,1,0
BRDA:80,8,0,0
BRDA:80,8,1,0
BRDA:81,9,0,0
BRDA:81,9,1,0
BRDA:81,9,2,0
BRDA:81,9,3,0
BRDA:81,9,4,0
BRDA:81,9,5,0
BRDA:81,9,6,0
BRDA:81,9,7,0
BRDA:81,9,8,0
BRDA:81,9,9,0
BRDA:97,10,0,0
BRDA:97,10,1,0
BRDA:97,11,0,0
BRDA:97,11,1,0
BRDA:97,11,2,0
BRDA:102,12,0,0
BRDA:102,12,1,0
BRDA:102,13,0,0
BRDA:102,13,1,0
BRDA:107,14,0,0
BRDA:107,14,1,0
BRDA:107,15,0,0
BRDA:107,15,1,0
BRDA:147,16,0,0
BRDA:147,16,1,0
BRDA:149,17,0,0
BRDA:149,17,1,0
BRDA:151,18,0,0
BRDA:151,18,1,0
BRDA:151,19,0,0
BRDA:151,19,1,0
BRDA:151,19,2,0
BRDA:168,20,0,0
BRDA:168,20,1,0
BRDA:178,21,0,0
BRDA:178,21,1,0
BRF:57
BRH:0
end_of_record
TN:
SF:components\AppHeader.tsx
FN:14,AppHeader
FNF:1
FNH:0
FNDA:0,AppHeader
DA:15,0
DA:28,0
LF:2
LH:0
BRF:0
BRH:0
end_of_record
TN:
SF:components\ConnectionBadge.tsx
FN:30,getConnectionBadgeLabel
FN:34,getConnectionBadgeColor
FN:38,mapDomoticzStatusToConnectionBadgeState
FN:55,ConnectionBadge
FNF:4
FNH:0
FNDA:0,getConnectionBadgeLabel
FNDA:0,getConnectionBadgeColor
FNDA:0,mapDomoticzStatusToConnectionBadgeState
FNDA:0,ConnectionBadge
DA:23,0
DA:31,0
DA:35,0
DA:47,0
DA:48,0
DA:49,0
DA:50,0
DA:52,0
DA:56,0
DA:58,0
DA:70,0
LF:11
LH:0
BRDA:40,0,0,0
BRDA:41,1,0,0
BRDA:47,2,0,0
BRDA:47,2,1,0
BRDA:48,3,0,0
BRDA:48,3,1,0
BRDA:49,4,0,0
BRDA:49,4,1,0
BRDA:50,5,0,0
BRDA:50,5,1,0
BRDA:50,6,0,0
BRDA:50,6,1,0
BRF:12
BRH:0
end_of_record
TN:
SF:components\IconDomoticzDevice.tsx
FN:20,(anonymous_0)
FN:28,(anonymous_1)
FN:35,(anonymous_2)
FN:45,performDevicePrimaryAction
FN:49,(anonymous_4)
FN:68,handleLumierePress
FN:88,handleVoletPress
FN:107,getLightIcon
FNF:8
FNH:0
FNDA:0,(anonymous_0)
FNDA:0,(anonymous_1)
FNDA:0,(anonymous_2)
FNDA:0,performDevicePrimaryAction
FNDA:0,(anonymous_4)
FNDA:0,handleLumierePress
FNDA:0,handleVoletPress
FNDA:0,getLightIcon
DA:20,0
DA:21,0
DA:23,0
DA:25,0
DA:28,0
DA:31,0
DA:32,0
DA:34,0
DA:35,0
DA:41,0
DA:49,0
DA:51,0
DA:52,0
DA:53,0
DA:56,0
DA:57,0
DA:58,0
DA:61,0
DA:69,0
DA:70,0
DA:71,0
DA:80,0
DA:89,0
DA:90,0
DA:91,0
DA:100,0
DA:108,0
DA:109,0
DA:110,0
DA:111,0
DA:112,0
LF:31
LH:0
BRDA:20,0,0,0
BRDA:23,1,0,0
BRDA:23,1,1,0
BRDA:23,1,2,0
BRDA:28,2,0,0
BRDA:28,2,1,0
BRDA:31,3,0,0
BRDA:31,3,1,0
BRDA:51,4,0,0
BRDA:51,4,1,0
BRDA:56,5,0,0
BRDA:56,5,1,0
BRDA:69,6,0,0
BRDA:69,6,1,0
BRDA:70,7,0,0
BRDA:70,7,1,0
BRDA:70,8,0,0
BRDA:70,8,1,0
BRDA:89,9,0,0
BRDA:89,9,1,0
BRDA:90,10,0,0
BRDA:90,10,1,0
BRDA:109,11,0,0
BRDA:109,11,1,0
BRDA:110,12,0,0
BRDA:110,12,1,0
BRF:26
BRH:0
end_of_record
TN:
SF:components\IconDomoticzParametre.tsx
FN:11,getIconDomoticzParametre
FN:26,getIconMode
FN:38,getIconPresence
FN:46,getIconPhase
FNF:4
FNH:0
FNDA:0,getIconDomoticzParametre
FNDA:0,getIconMode
FNDA:0,getIconPresence
FNDA:0,getIconPhase
DA:13,0
DA:15,0
DA:17,0
DA:19,0
DA:21,0
DA:27,0
DA:28,0
DA:29,0
DA:30,0
DA:32,0
DA:39,0
DA:40,0
DA:41,0
DA:42,0
DA:48,0
DA:50,0
DA:53,0
DA:55,0
DA:57,0
DA:59,0
DA:61,0
LF:21
LH:0
BRDA:13,0,0,0
BRDA:13,0,1,0
BRDA:13,0,2,0
BRDA:13,0,3,0
BRDA:27,1,0,0
BRDA:27,1,1,0
BRDA:29,2,0,0
BRDA:29,2,1,0
BRDA:39,3,0,0
BRDA:39,3,1,0
BRDA:41,4,0,0
BRDA:41,4,1,0
BRDA:48,5,0,0
BRDA:48,5,1,0
BRDA:48,5,2,0
BRDA:48,5,3,0
BRDA:48,5,4,0
BRDA:48,5,5,0
BRDA:48,5,6,0
BRF:19
BRH:0
end_of_record
TN:
SF:components\IconDomoticzTemperature.tsx
FN:17,getTemperatureIcon
FNF:1
FNH:0
FNDA:0,getTemperatureIcon
DA:19,0
DA:20,0
DA:22,0
DA:23,0
DA:25,0
DA:26,0
DA:29,0
LF:7
LH:0
BRDA:19,0,0,0
BRDA:19,0,1,0
BRDA:22,1,0,0
BRDA:22,1,1,0
BRDA:25,2,0,0
BRDA:25,2,1,0
BRF:6
BRH:0
end_of_record
TN:
SF:components\IconDomoticzThermostat.tsx
FN:9,(anonymous_0)
FNF:1
FNH:0
FNDA:0,(anonymous_0)
DA:9,0
DA:10,0
LF:2
LH:0
BRF:0
BRH:0
end_of_record
TN:
SF:components\IconVoletSVG.tsx
FN:38,(anonymous_0)
FN:80,(anonymous_1)
FN:93,(anonymous_2)
FNF:3
FNH:0
FNDA:0,(anonymous_0)
FNDA:0,(anonymous_1)
FNDA:0,(anonymous_2)
DA:8,0
DA:9,0
DA:10,0
DA:11,0
DA:12,0
DA:13,0
DA:14,0
DA:16,0
DA:17,0
DA:18,0
DA:19,0
DA:20,0
DA:38,0
DA:39,0
DA:42,0
DA:45,0
DA:48,0
DA:50,0
DA:81,0
DA:94,0
DA:97,0
DA:98,0
DA:99,0
DA:102,0
DA:103,0
DA:115,0
DA:116,0
LF:27
LH:0
BRDA:42,0,0,0
BRDA:42,0,1,0
BRDA:42,1,0,0
BRDA:42,1,1,0
BRDA:45,2,0,0
BRDA:45,2,1,0
BRDA:54,3,0,0
BRDA:54,3,1,0
BRDA:77,4,0,0
BRDA:77,4,1,0
BRDA:94,5,0,0
BRDA:94,5,1,0
BRDA:97,6,0,0
BRDA:97,6,1,0
BRDA:99,7,0,0
BRDA:99,7,1,0
BRDA:115,8,0,0
BRDA:115,8,1,0
BRF:18
BRH:0
end_of_record
TN:
SF:components\ParallaxScrollView.tsx
FN:24,ParallaxScrollView
FN:37,(anonymous_1)
FN:54,(anonymous_2)
FNF:3
FNH:0
FNDA:0,ParallaxScrollView
FNDA:0,(anonymous_1)
FNDA:0,(anonymous_2)
DA:15,0
DA:32,0
DA:33,0
DA:35,0
DA:37,0
DA:38,0
DA:54,0
DA:55,0
DA:56,0
DA:60,0
DA:79,0
LF:11
LH:0
BRF:0
BRH:0
end_of_record
TN:
SF:components\ThemedText.tsx
FN:11,ThemedText
FNF:1
FNH:0
FNDA:0,ThemedText
DA:16,0
DA:18,0
DA:36,0
LF:3
LH:0
BRDA:13,0,0,0
BRDA:22,1,0,0
BRDA:22,1,1,0
BRDA:23,2,0,0
BRDA:23,2,1,0
BRDA:24,3,0,0
BRDA:24,3,1,0
BRDA:25,4,0,0
BRDA:25,4,1,0
BRDA:26,5,0,0
BRDA:26,5,1,0
BRDA:27,6,0,0
BRDA:27,6,1,0
BRDA:28,7,0,0
BRDA:28,7,1,0
BRF:15
BRH:0
end_of_record
TN:
SF:components\navigation\TabBarIcon.tsx
FN:10,TabBarIcon
FNF:1
FNH:0
FNDA:0,TabBarIcon
DA:11,0
LF:1
LH:0
BRF:0
BRH:0
end_of_record
TN:
SF:components\navigation\TabBarItem.tsx
FN:21,TabBarItems
FN:22,(anonymous_1)
FN:22,(anonymous_2)
FN:34,getTabIconName
FNF:4
FNH:0
FNDA:0,TabBarItems
FNDA:0,(anonymous_1)
FNDA:0,(anonymous_2)
FNDA:0,getTabIconName
DA:22,0
DA:35,0
DA:37,0
DA:39,0
DA:41,0
DA:43,0
DA:45,0
DA:47,0
DA:51,0
LF:9
LH:0
BRDA:23,0,0,0
BRDA:23,0,1,0
BRDA:24,1,0,0
BRDA:24,1,1,0
BRDA:35,2,0,0
BRDA:35,2,1,0
BRDA:35,2,2,0
BRDA:35,2,3,0
BRDA:35,2,4,0
BRDA:35,2,5,0
BRF:10
BRH:0
end_of_record
TN:
SF:components\navigation\TabHeaderIcon.tsx
FN:12,getHeaderIcon
FNF:1
FNH:0
FNDA:0,getHeaderIcon
DA:13,0
DA:14,0
DA:16,0
DA:18,0
DA:20,0
DA:22,0
DA:24,0
DA:26,0
DA:33,0
LF:9
LH:0
BRDA:14,0,0,0
BRDA:14,0,1,0
BRDA:14,0,2,0
BRDA:14,0,3,0
BRDA:14,0,4,0
BRDA:14,0,5,0
BRDA:16,1,0,0
BRDA:16,1,1,0
BRF:8
BRH:0
end_of_record
TN:
SF:hooks\AndroidToast.ts
FN:5,showToast
FNF:1
FNH:0
FNDA:0,showToast
DA:6,0
DA:7,0
DA:9,0
DA:10,0
LF:4
LH:0
BRDA:6,0,0,0
BRDA:6,0,1,0
BRDA:9,1,0,0
BRDA:9,1,1,0
BRDA:10,2,0,0
BRDA:10,2,1,0
BRDA:10,3,0,0
BRDA:10,3,1,0
BRDA:10,3,2,0
BRF:9
BRH:0
end_of_record
TN:
SF:hooks\useColorScheme.ts
FNF:0
FNH:0
LF:0
LH:0
BRF:0
BRH:0
end_of_record
TN:
SF:hooks\useColorScheme.web.ts
FN:6,useColorScheme
FNF:1
FNH:0
FNDA:0,useColorScheme
DA:7,0
LF:1
LH:0
BRF:0
BRH:0
end_of_record
TN:
SF:hooks\useThemeColor.ts
FN:8,useThemeColor
FNF:1
FNH:0
FNDA:0,useThemeColor
DA:11,0
DA:12,0
LF:2
LH:0
BRF:0
BRH:0
end_of_record
